*** Using Compiler 'V5.06 update 1 (build 61)', folder: 'C:\Keil_v5_spansion\ARM\ARMCC\Bin'
Build target 'MB9BFxx4_Release'
Clean started - Project: 'rx_head_cond'
   deleting intermediate output files for target 'MB9BFxx4_Release'
Before Build - User command #1: ..\VersionUpdate.exe .\source\version.c
update >>.\source\version.c<<
txt file >>.\source\version.txt<<
compiling system_mb9abxxx.c...
compiling main.c...
compiling iomux.c...
compiling i2c.c...
compiling debug_printf.c...
compiling uart.c...
compiling version.c...
compiling watchdog.c...
compiling temp_ctrl.c...
compiling pres.c...
compiling pump_ctrl.c...
assembling startup_mb9bf16xl.s...
compiling eeprom.c...
compiling average.c...
compiling pid.c...
compiling i2c_bitbang.c...
compiling ctr.c...
compiling pdl.c...
compiling clk.c...
compiling work_flash.c...
compiling comm.c...
compiling fifo.c...
compiling rx_ink_common.c...
linking...
Program Size: Code=28420 RO-data=1664 RW-data=332 ZI-data=5460  
".\_out\Release-cond\rx_head_cond.axf" - 0 Error(s), 0 Warning(s).

*** Performing Cross-Module-Optimization:
compiling system_mb9abxxx.c...
compiling main.c...
compiling iomux.c...
compiling i2c.c...
compiling debug_printf.c...
compiling uart.c...
compiling watchdog.c...
compiling temp_ctrl.c...
compiling pres.c...
compiling pump_ctrl.c...
compiling eeprom.c...
compiling i2c_bitbang.c...
compiling pdl.c...
compiling clk.c...
compiling work_flash.c...
compiling rx_ink_common.c...
linking...
Program Size: Code=17088 RO-data=1664 RW-data=332 ZI-data=5284  
compiling system_mb9abxxx.c...
compiling main.c...
compiling iomux.c...
compiling i2c.c...
compiling debug_printf.c...
compiling uart.c...
compiling watchdog.c...
compiling temp_ctrl.c...
compiling pres.c...
compiling pump_ctrl.c...
compiling eeprom.c...
compiling i2c_bitbang.c...
compiling pdl.c...
compiling clk.c...
compiling work_flash.c...
compiling rx_ink_common.c...
linking...
Program Size: Code=17088 RO-data=1664 RW-data=332 ZI-data=5284  
FromELF: creating hex file...
After Build - User command #1: fromelf.exe --bin --output=_out\Release-cond\rx_head_cond.bin _out\Release-cond\rx_head_cond.axf
After Build - User command #2: C:\Windows\System32\cmd.exe /C copy /B _out\Release-cond\rx_head_cond.bin+.\source\version.txt ..\bin\head\rx_head_cond
_out\Release-cond\rx_head_cond.bin
.\source\version.txt
        1 Datei(en) kopiert.
".\_out\Release-cond\rx_head_cond.axf" - 0 Error(s), 0 Warning(s).
*** Completed Cross-Module-Optimization after 3 iteration(s).
Build Time Elapsed:  00:01:11
