  VisualGDB: C:\Develop\PrintEngine\rx_pecore_lib => /tmp/VisualGDB/c/Develop/PrintEngine/rx_pecore_lib: 11 files copied (181KB).
  VisualGDB: Executing pre-build actions
  VisualGDB: Transfer files from /tmp/VisualGDB/c/Develop/PrintEngine/rx_pecore_lib/../Externals/FreeType on localhost:2222 to C:\Develop\PrintEngine\rx_pecore_lib/../Externals/FreeType
EXEC : warning : Stderr line received 'tar: include/config/PaxHeaders.3012: Zeitstempel 2020-01-23 18:27:42 liegt 3599.8012578 Sekunden in der Zukunft.'
EXEC : warning : Stderr line received 'tar: include/config: Zeitstempel 2020-01-23 18:27:42 liegt 3599.8003892 Sekunden in der Zukunft.'
EXEC : warning : Stderr line received 'tar: include/internal/PaxHeaders.3012: Zeitstempel 2020-01-23 18:27:42 liegt 3599.427246 Sekunden in der Zukunft.'
EXEC : warning : Stderr line received 'tar: include/internal/services/PaxHeaders.3012: Zeitstempel 2020-01-23 18:27:42 liegt 3599.3738691 Sekunden in der Zukunft.'
EXEC : warning : Stderr line received 'tar: include/internal/services: Zeitstempel 2020-01-23 18:27:42 liegt 3599.3371337 Sekunden in der Zukunft.'
EXEC : warning : Stderr line received 'tar: include/internal: Zeitstempel 2020-01-23 18:27:42 liegt 3599.3195424 Sekunden in der Zukunft.'
EXEC : warning : Stderr line received 'tar: include: Zeitstempel 2020-01-23 18:27:42 liegt 3599.2944795 Sekunden in der Zukunft.'
EXEC : warning : Stderr line received 'tar: src/base: Zeitstempel 2020-01-23 18:27:42 liegt 3599.18677 Sekunden in der Zukunft.'
EXEC : warning : Stderr line received 'tar: src/gzip: Zeitstempel 2020-01-23 18:27:42 liegt 3599.1203559 Sekunden in der Zukunft.'
EXEC : warning : Stderr line received 'tar: src/raster: Zeitstempel 2020-01-23 18:27:42 liegt 3599.0894773 Sekunden in der Zukunft.'
EXEC : warning : Stderr line received 'tar: src/sfnt: Zeitstempel 2020-01-23 18:27:42 liegt 3598.985189 Sekunden in der Zukunft.'
EXEC : warning : Stderr line received 'tar: src/TrueType: Zeitstempel 2020-01-23 18:27:42 liegt 3598.9067412 Sekunden in der Zukunft.'
EXEC : warning : Stderr line received 'tar: src: Zeitstempel 2020-01-23 18:27:42 liegt 3598.9066741 Sekunden in der Zukunft.'
  VisualGDB: 218 files copied (3305KB).
  VisualGDB: Transfer files from /tmp/VisualGDB/c/Develop/PrintEngine/rx_pecore_lib/../Externals/Tec-it/Linux on localhost:2222 to C:\Develop\PrintEngine\rx_pecore_lib/../Externals/Tec-it/Linux
EXEC : warning : Stderr line received 'tar: Tec-it-11/include/libtbarcode11/TECITStd: Zeitstempel 2020-01-23 18:27:43 liegt 3599.695505 Sekunden in der Zukunft.'
EXEC : warning : Stderr line received 'tar: Tec-it-11/include/libtbarcode11: Zeitstempel 2020-01-23 18:27:43 liegt 3599.6945838 Sekunden in der Zukunft.'
EXEC : warning : Stderr line received 'tar: Tec-it-11/include: Zeitstempel 2020-01-23 18:27:43 liegt 3599.6945421 Sekunden in der Zukunft.'
EXEC : warning : Stderr line received 'tar: Tec-it-11: Zeitstempel 2020-01-23 18:27:43 liegt 3599.6945041 Sekunden in der Zukunft.'
  VisualGDB: 7 files copied (643KB).
  VisualGDB: Run "make CONFIG=Release-lx" in directory "/tmp/VisualGDB/c/Develop/PrintEngine/rx_pecore_lib" on root@localhost:2222 (SSH)
  mkdir Release-lx
  gcc -ggdb -ffunction-sections -O0 -pthread  -I../rx_ink_lib -I../rx_common_lib -DRELEASE -DNDEBUG -Dlinux  -c rx_pecore.c -o Release-lx/rx_pecore.o -MD -MF Release-lx/rx_pecore.dep
  gcc -ggdb -ffunction-sections -O0 -pthread  -I../rx_ink_lib -I../rx_common_lib -DRELEASE -DNDEBUG -Dlinux  -c rx_pecore_itf.c -o Release-lx/rx_pecore_itf.o -MD -MF Release-lx/rx_pecore_itf.dep
  gcc -ggdb -ffunction-sections -O0 -pthread  -I../rx_ink_lib -I../rx_common_lib -DRELEASE -DNDEBUG -Dlinux  -c rx_pecore_main.c -o Release-lx/rx_pecore_main.o -MD -MF Release-lx/rx_pecore_main.dep
  ar -r Release-lx/rx_pecore_lib.a Release-lx/rx_pecore.o Release-lx/rx_pecore_itf.o Release-lx/rx_pecore_main.o
  ar: creating Release-lx/rx_pecore_lib.a
