  tif_aux.c
  tif_close.c
  tif_codec.c
  tif_color.c
  tif_compress.c
  tif_dir.c
  tif_dirinfo.c
  tif_dirread.c
  tif_dirwrite.c
  tif_dumpmode.c
  tif_error.c
  tif_extension.c
  tif_fax3.c
  tif_fax3sm.c
  tif_flush.c
  tif_getimage.c
  tif_luv.c
  tif_lzw.c
  tif_next.c
  tif_open.c
  Compiling...
  tif_packbits.c
  tif_predict.c
  tif_print.c
  tif_read.c
  tif_strip.c
  tif_swab.c
  tif_thunder.c
  tif_tile.c
  tif_unix.c
  tif_version.c
  tif_warning.c
  tif_win32.c
  tif_write.c
  rx_mem_tif.c
  rx_tif.c
  rx_tif_lib.vcxproj -> C:\Develop\PrintEngine\rx_tif_lib\..\_out\Release\rx_tif_lib.lib
