c:\develop\printengine\_out\release\rx_tif_lib.pdb
c:\develop\printengine\_temp\rx_tif_lib\release\tif_open.obj
c:\develop\printengine\_temp\rx_tif_lib\release\tif_next.obj
c:\develop\printengine\_temp\rx_tif_lib\release\tif_lzw.obj
c:\develop\printengine\_temp\rx_tif_lib\release\tif_luv.obj
c:\develop\printengine\_temp\rx_tif_lib\release\tif_getimage.obj
c:\develop\printengine\_temp\rx_tif_lib\release\tif_flush.obj
c:\develop\printengine\_temp\rx_tif_lib\release\tif_fax3sm.obj
c:\develop\printengine\_temp\rx_tif_lib\release\tif_fax3.obj
c:\develop\printengine\_temp\rx_tif_lib\release\tif_extension.obj
c:\develop\printengine\_temp\rx_tif_lib\release\tif_error.obj
c:\develop\printengine\_temp\rx_tif_lib\release\tif_dumpmode.obj
c:\develop\printengine\_temp\rx_tif_lib\release\tif_dirwrite.obj
c:\develop\printengine\_temp\rx_tif_lib\release\tif_dirread.obj
c:\develop\printengine\_temp\rx_tif_lib\release\tif_dirinfo.obj
c:\develop\printengine\_temp\rx_tif_lib\release\tif_dir.obj
c:\develop\printengine\_temp\rx_tif_lib\release\tif_compress.obj
c:\develop\printengine\_temp\rx_tif_lib\release\tif_color.obj
c:\develop\printengine\_temp\rx_tif_lib\release\tif_codec.obj
c:\develop\printengine\_temp\rx_tif_lib\release\tif_close.obj
c:\develop\printengine\_temp\rx_tif_lib\release\tif_aux.obj
c:\develop\printengine\_temp\rx_tif_lib\release\rx_tif.obj
c:\develop\printengine\_temp\rx_tif_lib\release\rx_mem_tif.obj
c:\develop\printengine\_temp\rx_tif_lib\release\tif_write.obj
c:\develop\printengine\_temp\rx_tif_lib\release\tif_win32.obj
c:\develop\printengine\_temp\rx_tif_lib\release\tif_warning.obj
c:\develop\printengine\_temp\rx_tif_lib\release\tif_version.obj
c:\develop\printengine\_temp\rx_tif_lib\release\tif_unix.obj
c:\develop\printengine\_temp\rx_tif_lib\release\tif_tile.obj
c:\develop\printengine\_temp\rx_tif_lib\release\tif_thunder.obj
c:\develop\printengine\_temp\rx_tif_lib\release\tif_swab.obj
c:\develop\printengine\_temp\rx_tif_lib\release\tif_strip.obj
c:\develop\printengine\_temp\rx_tif_lib\release\tif_read.obj
c:\develop\printengine\_temp\rx_tif_lib\release\tif_print.obj
c:\develop\printengine\_temp\rx_tif_lib\release\tif_predict.obj
c:\develop\printengine\_temp\rx_tif_lib\release\tif_packbits.obj
c:\develop\printengine\_out\release\rx_tif_lib.lib
c:\develop\printengine\rx_tif_lib\..\_out\release\rx_tif_lib.pdb
c:\develop\printengine\rx_tif_lib\..\_out\release\rx_tif_lib.lib
c:\develop\printengine\_temp\rx_tif_lib\release\rx_tif_lib.tlog\cl.command.1.tlog
c:\develop\printengine\_temp\rx_tif_lib\release\rx_tif_lib.tlog\cl.read.1.tlog
c:\develop\printengine\_temp\rx_tif_lib\release\rx_tif_lib.tlog\cl.write.1.tlog
c:\develop\printengine\_temp\rx_tif_lib\release\rx_tif_lib.tlog\lib-link.read.1.tlog
c:\develop\printengine\_temp\rx_tif_lib\release\rx_tif_lib.tlog\lib-link.write.1.tlog
c:\develop\printengine\_temp\rx_tif_lib\release\rx_tif_lib.tlog\lib.command.1.tlog
