  VisualGDB: Executing pre-build actions
  VisualGDB: Run "C:\Develop\PrintEngine\rx_stepper_ctrl\..\VersionUpdate.exe C:\Develop\PrintEngine\rx_stepper_ctrl\version.c" in directory "" on local computer
  update >>C:\Develop\PrintEngine\rx_stepper_ctrl\version.c<<
  txt file >>C:\Develop\PrintEngine\rx_stepper_ctrl\version.txt<<
  VisualGDB: Run "cmd.exe /c "C:\Program Files (x86)\Sysprogs\VisualGDB\make.exe" CONFIG=Release-soc" in directory "C:\Develop\PrintEngine\rx_stepper_ctrl" on local machine
  F:/Compiler/altera/13.1/DS-5/bin/arm-linux-gnueabihf-gcc.exe -ggdb -ffunction-sections -O0 -pthread -lrt  -I../rx_ink_lib -I../rx_common_lib -I../rx_common_lib/VisualGDBCache -DNDEBUG -DRELEASE -Dlinux -Dsoc  -c args.c -o Release-soc/args.o -MD -MF Release-soc/args.dep
  F:/Compiler/altera/13.1/DS-5/bin/arm-linux-gnueabihf-gcc.exe -ggdb -ffunction-sections -O0 -pthread -lrt  -I../rx_ink_lib -I../rx_common_lib -I../rx_common_lib/VisualGDBCache -DNDEBUG -DRELEASE -Dlinux -Dsoc  -c cleaf.c -o Release-soc/cleaf.o -MD -MF Release-soc/cleaf.dep
  F:/Compiler/altera/13.1/DS-5/bin/arm-linux-gnueabihf-gcc.exe -ggdb -ffunction-sections -O0 -pthread -lrt  -I../rx_ink_lib -I../rx_common_lib -I../rx_common_lib/VisualGDBCache -DNDEBUG -DRELEASE -Dlinux -Dsoc  -c dp803.c -o Release-soc/dp803.o -MD -MF Release-soc/dp803.dep
  F:/Compiler/altera/13.1/DS-5/bin/arm-linux-gnueabihf-gcc.exe -ggdb -ffunction-sections -O0 -pthread -lrt  -I../rx_ink_lib -I../rx_common_lib -I../rx_common_lib/VisualGDBCache -DNDEBUG -DRELEASE -Dlinux -Dsoc  -c fpga_stepper.c -o Release-soc/fpga_stepper.o -MD -MF Release-soc/fpga_stepper.dep
  F:/Compiler/altera/13.1/DS-5/bin/arm-linux-gnueabihf-gcc.exe -ggdb -ffunction-sections -O0 -pthread -lrt  -I../rx_ink_lib -I../rx_common_lib -I../rx_common_lib/VisualGDBCache -DNDEBUG -DRELEASE -Dlinux -Dsoc  -c lb701.c -o Release-soc/lb701.o -MD -MF Release-soc/lb701.dep
  F:/Compiler/altera/13.1/DS-5/bin/arm-linux-gnueabihf-gcc.exe -ggdb -ffunction-sections -O0 -pthread -lrt  -I../rx_ink_lib -I../rx_common_lib -I../rx_common_lib/VisualGDBCache -DNDEBUG -DRELEASE -Dlinux -Dsoc  -c lb702.c -o Release-soc/lb702.o -MD -MF Release-soc/lb702.dep
  F:/Compiler/altera/13.1/DS-5/bin/arm-linux-gnueabihf-gcc.exe -ggdb -ffunction-sections -O0 -pthread -lrt  -I../rx_ink_lib -I../rx_common_lib -I../rx_common_lib/VisualGDBCache -DNDEBUG -DRELEASE -Dlinux -Dsoc  -c lbrob.c -o Release-soc/lbrob.o -MD -MF Release-soc/lbrob.dep
  F:/Compiler/altera/13.1/DS-5/bin/arm-linux-gnueabihf-gcc.exe -ggdb -ffunction-sections -O0 -pthread -lrt  -I../rx_ink_lib -I../rx_common_lib -I../rx_common_lib/VisualGDBCache -DNDEBUG -DRELEASE -Dlinux -Dsoc  -c motor.c -o Release-soc/motor.o -MD -MF Release-soc/motor.dep
  F:/Compiler/altera/13.1/DS-5/bin/arm-linux-gnueabihf-gcc.exe -ggdb -ffunction-sections -O0 -pthread -lrt  -I../rx_ink_lib -I../rx_common_lib -I../rx_common_lib/VisualGDBCache -DNDEBUG -DRELEASE -Dlinux -Dsoc  -c power_step.c -o Release-soc/power_step.o -MD -MF Release-soc/power_step.dep
  F:/Compiler/altera/13.1/DS-5/bin/arm-linux-gnueabihf-gcc.exe -ggdb -ffunction-sections -O0 -pthread -lrt  -I../rx_ink_lib -I../rx_common_lib -I../rx_common_lib/VisualGDBCache -DNDEBUG -DRELEASE -Dlinux -Dsoc  -c rx_stepper_ctrl.c -o Release-soc/rx_stepper_ctrl.o -MD -MF Release-soc/rx_stepper_ctrl.dep
  F:/Compiler/altera/13.1/DS-5/bin/arm-linux-gnueabihf-gcc.exe -ggdb -ffunction-sections -O0 -pthread -lrt  -I../rx_ink_lib -I../rx_common_lib -I../rx_common_lib/VisualGDBCache -DNDEBUG -DRELEASE -Dlinux -Dsoc  -c stepper_ctrl.c -o Release-soc/stepper_ctrl.o -MD -MF Release-soc/stepper_ctrl.dep
  F:/Compiler/altera/13.1/DS-5/bin/arm-linux-gnueabihf-gcc.exe -ggdb -ffunction-sections -O0 -pthread -lrt  -I../rx_ink_lib -I../rx_common_lib -I../rx_common_lib/VisualGDBCache -DNDEBUG -DRELEASE -Dlinux -Dsoc  -c slide.c -o Release-soc/slide.o -MD -MF Release-soc/slide.dep
  F:/Compiler/altera/13.1/DS-5/bin/arm-linux-gnueabihf-gcc.exe -ggdb -ffunction-sections -O0 -pthread -lrt  -I../rx_ink_lib -I../rx_common_lib -I../rx_common_lib/VisualGDBCache -DNDEBUG -DRELEASE -Dlinux -Dsoc  -c test.c -o Release-soc/test.o -MD -MF Release-soc/test.dep
  F:/Compiler/altera/13.1/DS-5/bin/arm-linux-gnueabihf-gcc.exe -ggdb -ffunction-sections -O0 -pthread -lrt  -I../rx_ink_lib -I../rx_common_lib -I../rx_common_lib/VisualGDBCache -DNDEBUG -DRELEASE -Dlinux -Dsoc  -c test_table.c -o Release-soc/test_table.o -MD -MF Release-soc/test_table.dep
  F:/Compiler/altera/13.1/DS-5/bin/arm-linux-gnueabihf-gcc.exe -ggdb -ffunction-sections -O0 -pthread -lrt  -I../rx_ink_lib -I../rx_common_lib -I../rx_common_lib/VisualGDBCache -DNDEBUG -DRELEASE -Dlinux -Dsoc  -c tx801.c -o Release-soc/tx801.o -MD -MF Release-soc/tx801.dep
  F:/Compiler/altera/13.1/DS-5/bin/arm-linux-gnueabihf-gcc.exe -ggdb -ffunction-sections -O0 -pthread -lrt  -I../rx_ink_lib -I../rx_common_lib -I../rx_common_lib/VisualGDBCache -DNDEBUG -DRELEASE -Dlinux -Dsoc  -c txrob.c -o Release-soc/txrob.o -MD -MF Release-soc/txrob.dep
  F:/Compiler/altera/13.1/DS-5/bin/arm-linux-gnueabihf-gcc.exe -ggdb -ffunction-sections -O0 -pthread -lrt  -I../rx_ink_lib -I../rx_common_lib -I../rx_common_lib/VisualGDBCache -DNDEBUG -DRELEASE -Dlinux -Dsoc  -c version.c -o Release-soc/version.o -MD -MF Release-soc/version.dep
  F:/Compiler/altera/13.1/DS-5/bin/arm-linux-gnueabihf-g++.exe -o Release-soc/rx_stepper_ctrl -Wl,-gc-sections -pthread -lrt    -Wl,--start-group Release-soc/args.o Release-soc/cleaf.o Release-soc/dp803.o Release-soc/fpga_stepper.o Release-soc/lb701.o Release-soc/lb702.o Release-soc/lbrob.o Release-soc/motor.o Release-soc/power_step.o Release-soc/rx_stepper_ctrl.o Release-soc/stepper_ctrl.o Release-soc/slide.o Release-soc/test.o Release-soc/test_table.o Release-soc/tx801.o Release-soc/txrob.o Release-soc/version.o  ../rx_common_lib/Release-soc/rx_common_lib.a -Wl,--rpath='$ORIGIN' -Wl,--rpath='$ORIGIN/../../rx_common_lib/Release-soc/'  -Wl,--end-group
  VisualGDB: Executing post-build actions
  VisualGDB: Skipping disabled action: Copy file $(TargetPath) on local computer to $(ProjectDir)\..\bin\soc\$(TargetFileName) on local computer
  VisualGDB: Copy file C:\Develop\PrintEngine\rx_stepper_ctrl/Release-soc/rx_stepper_ctrl on local computer to C:\Develop\PrintEngine\rx_stepper_ctrl\..\bin\stepper\rx_stepper_ctrl on local computer
  VisualGDB: Skipping disabled action: Copy file $(TargetPath) on local computer to d:\Radex\bin\stepper\$(TargetFileName) on local computer
  VisualGDB: Skipping disabled action: Run "cmd.exe /C copy /Y $(LocalSourceDir)\bin\* d:\radex\bin\stepper\" in directory "" on local computer
