  VisualGDB: C:\Develop\PrintEngine\rx_main_ctrl => /tmp/VisualGDB/c/Develop/PrintEngine/rx_main_ctrl: 111 files copied (761KB).
  VisualGDB: Executing pre-build actions
  VisualGDB: Run "C:\Develop\PrintEngine\rx_main_ctrl\..\VersionUpdate.exe C:\Develop\PrintEngine\rx_main_ctrl\version.c" in directory "" on local computer
  update >>C:\Develop\PrintEngine\rx_main_ctrl\version.c<<
  txt file >>C:\Develop\PrintEngine\rx_main_ctrl\version.txt<<
  VisualGDB: Transfer files from /tmp/VisualGDB/c/Develop/PrintEngine/rx_main_ctrl/../Externals/mlpi on localhost:2222 to C:\Develop\PrintEngine\rx_main_ctrl/../Externals/mlpi
EXEC : warning : Stderr line received 'tar: bin/linux-gcc-x64: Zeitstempel 2020-01-23 18:27:53 liegt 3599.8268557 Sekunden in der Zukunft.'
EXEC : warning : Stderr line received 'tar: bin: Zeitstempel 2020-01-23 18:27:53 liegt 3599.8258292 Sekunden in der Zukunft.'
EXEC : warning : Stderr line received 'tar: include/util: Zeitstempel 2020-01-23 18:27:53 liegt 3599.6500655 Sekunden in der Zukunft.'
EXEC : warning : Stderr line received 'tar: include: Zeitstempel 2020-01-23 18:27:53 liegt 3599.6500025 Sekunden in der Zukunft.'
EXEC : warning : Stderr line received 'tar: lib/linux-gcc48-x86: Zeitstempel 2020-01-23 18:27:53 liegt 3599.0127423 Sekunden in der Zukunft.'
EXEC : warning : Stderr line received 'tar: lib: Zeitstempel 2020-01-23 18:27:53 liegt 3599.0126837 Sekunden in der Zukunft.'
  VisualGDB: 33 files copied (32MB).
  VisualGDB: Copy file C:\Develop\PrintEngine\rx_main_ctrl\..\Externals\mlpi\bin\linux-gcc-x64\libmlpi.so.1 on local computer to /tmp/VisualGDB/c/Develop/PrintEngine/rx_main_ctrl/Release-lx/libmlpi.so.1 on localhost:2222
  VisualGDB: Transfer files from /tmp/VisualGDB/c/Develop/PrintEngine/rx_main_ctrl/../Externals/libxl on localhost:2222 to C:\Develop\PrintEngine\rx_main_ctrl/../Externals/libxl
EXEC : warning : Stderr line received 'tar: doc/images: Zeitstempel 2020-01-23 18:27:54 liegt 3599.5024991 Sekunden in der Zukunft.'
EXEC : warning : Stderr line received 'tar: doc: Zeitstempel 2020-01-23 18:27:54 liegt 3599.4746358 Sekunden in der Zukunft.'
EXEC : warning : Stderr line received 'tar: examples/c: Zeitstempel 2020-01-23 18:27:54 liegt 3599.4389189 Sekunden in der Zukunft.'
EXEC : warning : Stderr line received 'tar: examples/c++: Zeitstempel 2020-01-23 18:27:54 liegt 3599.4059902 Sekunden in der Zukunft.'
EXEC : warning : Stderr line received 'tar: examples/code.blocks: Zeitstempel 2020-01-23 18:27:54 liegt 3599.3946926 Sekunden in der Zukunft.'
EXEC : warning : Stderr line received 'tar: examples/python/tests: Zeitstempel 2020-01-23 18:27:54 liegt 3599.29989 Sekunden in der Zukunft.'
EXEC : warning : Stderr line received 'tar: examples/python: Zeitstempel 2020-01-23 18:27:54 liegt 3599.2998346 Sekunden in der Zukunft.'
EXEC : warning : Stderr line received 'tar: examples/qt: Zeitstempel 2020-01-23 18:27:54 liegt 3599.2659953 Sekunden in der Zukunft.'
EXEC : warning : Stderr line received 'tar: examples: Zeitstempel 2020-01-23 18:27:54 liegt 3599.2659053 Sekunden in der Zukunft.'
EXEC : warning : Stderr line received 'tar: include_c: Zeitstempel 2020-01-23 18:27:54 liegt 3599.1923287 Sekunden in der Zukunft.'
EXEC : warning : Stderr line received 'tar: include_cpp: Zeitstempel 2020-01-23 18:27:54 liegt 3599.141641 Sekunden in der Zukunft.'
EXEC : warning : Stderr line received 'tar: lib64: Zeitstempel 2020-01-23 18:27:54 liegt 3598.6489452 Sekunden in der Zukunft.'
  VisualGDB: 136 files copied (25MB).
  VisualGDB: Copy file C:\Develop\PrintEngine\rx_main_ctrl\..\Externals\libxl\lib64\libxl.so on local computer to /tmp/VisualGDB/c/Develop/PrintEngine/rx_main_ctrl/Release-lx/libxl.so on localhost:2222
  VisualGDB: Run "make CONFIG=Release-lx" in directory "/tmp/VisualGDB/c/Develop/PrintEngine/rx_main_ctrl" on root@localhost:2222 (SSH)
  gcc -pthread -ggdb -ffunction-sections -O0 -fshort-wchar  -I../rx_ink_lib -I../rx_common_lib -I../Externals/TinyXML -I./rx_rexroth_lib -I../rx_rip_lib -I../rx_tif_lib -I../rx_pecore_lib -I../Externals/libtiff -I../Externals/mlpi/include -I../Externals/matrix/linux/include -I../Externals/libxl/include_c -DNDEBUG -Drelease -Dlinux  -c ../rx_ink_lib/rx_ink_common.c -o Release-lx/rx_ink_common.o -MD -MF Release-lx/rx_ink_common.dep
  gcc -pthread -ggdb -ffunction-sections -O0 -fshort-wchar  -I../rx_ink_lib -I../rx_common_lib -I../Externals/TinyXML -I./rx_rexroth_lib -I../rx_rip_lib -I../rx_tif_lib -I../rx_pecore_lib -I../Externals/libtiff -I../Externals/mlpi/include -I../Externals/matrix/linux/include -I../Externals/libxl/include_c -DNDEBUG -Drelease -Dlinux  -c chiller.c -o Release-lx/chiller.o -MD -MF Release-lx/chiller.dep
  gcc -pthread -ggdb -ffunction-sections -O0 -fshort-wchar  -I../rx_ink_lib -I../rx_common_lib -I../Externals/TinyXML -I./rx_rexroth_lib -I../rx_rip_lib -I../rx_tif_lib -I../rx_pecore_lib -I../Externals/libtiff -I../Externals/mlpi/include -I../Externals/matrix/linux/include -I../Externals/libxl/include_c -DNDEBUG -Drelease -Dlinux  -c cleaf_orders.c -o Release-lx/cleaf_orders.o -MD -MF Release-lx/cleaf_orders.dep
  gcc -pthread -ggdb -ffunction-sections -O0 -fshort-wchar  -I../rx_ink_lib -I../rx_common_lib -I../Externals/TinyXML -I./rx_rexroth_lib -I../rx_rip_lib -I../rx_tif_lib -I../rx_pecore_lib -I../Externals/libtiff -I../Externals/mlpi/include -I../Externals/matrix/linux/include -I../Externals/libxl/include_c -DNDEBUG -Drelease -Dlinux  -c ctr.c -o Release-lx/ctr.o -MD -MF Release-lx/ctr.dep
  gcc -pthread -ggdb -ffunction-sections -O0 -fshort-wchar  -I../rx_ink_lib -I../rx_common_lib -I../Externals/TinyXML -I./rx_rexroth_lib -I../rx_rip_lib -I../rx_tif_lib -I../rx_pecore_lib -I../Externals/libtiff -I../Externals/mlpi/include -I../Externals/matrix/linux/include -I../Externals/libxl/include_c -DNDEBUG -Drelease -Dlinux  -c pe_main.c -o Release-lx/pe_main.o -MD -MF Release-lx/pe_main.dep
  gcc -pthread -ggdb -ffunction-sections -O0 -fshort-wchar  -I../rx_ink_lib -I../rx_common_lib -I../Externals/TinyXML -I./rx_rexroth_lib -I../rx_rip_lib -I../rx_tif_lib -I../rx_pecore_lib -I../Externals/libtiff -I../Externals/mlpi/include -I../Externals/matrix/linux/include -I../Externals/libxl/include_c -DNDEBUG -Drelease -Dlinux  -c prod_log.c -o Release-lx/prod_log.o -MD -MF Release-lx/prod_log.dep
  gcc -pthread -ggdb -ffunction-sections -O0 -fshort-wchar  -I../rx_ink_lib -I../rx_common_lib -I../Externals/TinyXML -I./rx_rexroth_lib -I../rx_rip_lib -I../rx_tif_lib -I../rx_pecore_lib -I../Externals/libtiff -I../Externals/mlpi/include -I../Externals/matrix/linux/include -I../Externals/libxl/include_c -DNDEBUG -Drelease -Dlinux  -c lh702_ctrl.c -o Release-lx/lh702_ctrl.o -MD -MF Release-lx/lh702_ctrl.dep
  gcc -pthread -ggdb -ffunction-sections -O0 -fshort-wchar  -I../rx_ink_lib -I../rx_common_lib -I../Externals/TinyXML -I./rx_rexroth_lib -I../rx_rip_lib -I../rx_tif_lib -I../rx_pecore_lib -I../Externals/libtiff -I../Externals/mlpi/include -I../Externals/matrix/linux/include -I../Externals/libxl/include_c -DNDEBUG -Drelease -Dlinux  -c step_dp.c -o Release-lx/step_dp.o -MD -MF Release-lx/step_dp.dep
  gcc -pthread -ggdb -ffunction-sections -O0 -fshort-wchar  -I../rx_ink_lib -I../rx_common_lib -I../Externals/TinyXML -I./rx_rexroth_lib -I../rx_rip_lib -I../rx_tif_lib -I../rx_pecore_lib -I../Externals/libtiff -I../Externals/mlpi/include -I../Externals/matrix/linux/include -I../Externals/libxl/include_c -DNDEBUG -Drelease -Dlinux  -c step_lb.c -o Release-lx/step_lb.o -MD -MF Release-lx/step_lb.dep
  gcc -pthread -ggdb -ffunction-sections -O0 -fshort-wchar  -I../rx_ink_lib -I../rx_common_lib -I../Externals/TinyXML -I./rx_rexroth_lib -I../rx_rip_lib -I../rx_tif_lib -I../rx_pecore_lib -I../Externals/libtiff -I../Externals/mlpi/include -I../Externals/matrix/linux/include -I../Externals/libxl/include_c -DNDEBUG -Drelease -Dlinux  -c args.c -o Release-lx/args.o -MD -MF Release-lx/args.dep
  gcc -pthread -ggdb -ffunction-sections -O0 -fshort-wchar  -I../rx_ink_lib -I../rx_common_lib -I../Externals/TinyXML -I./rx_rexroth_lib -I../rx_rip_lib -I../rx_tif_lib -I../rx_pecore_lib -I../Externals/libtiff -I../Externals/mlpi/include -I../Externals/matrix/linux/include -I../Externals/libxl/include_c -DNDEBUG -Drelease -Dlinux  -c boot_svr.c -o Release-lx/boot_svr.o -MD -MF Release-lx/boot_svr.dep
  gcc -pthread -ggdb -ffunction-sections -O0 -fshort-wchar  -I../rx_ink_lib -I../rx_common_lib -I../Externals/TinyXML -I./rx_rexroth_lib -I../rx_rip_lib -I../rx_tif_lib -I../rx_pecore_lib -I../Externals/libtiff -I../Externals/mlpi/include -I../Externals/matrix/linux/include -I../Externals/libxl/include_c -DNDEBUG -Drelease -Dlinux  -c ctrl_msg.c -o Release-lx/ctrl_msg.o -MD -MF Release-lx/ctrl_msg.dep
  gcc -pthread -ggdb -ffunction-sections -O0 -fshort-wchar  -I../rx_ink_lib -I../rx_common_lib -I../Externals/TinyXML -I./rx_rexroth_lib -I../rx_rip_lib -I../rx_tif_lib -I../rx_pecore_lib -I../Externals/libtiff -I../Externals/mlpi/include -I../Externals/matrix/linux/include -I../Externals/libxl/include_c -DNDEBUG -Drelease -Dlinux  -c ctrl_svr.c -o Release-lx/ctrl_svr.o -MD -MF Release-lx/ctrl_svr.dep
  gcc -pthread -ggdb -ffunction-sections -O0 -fshort-wchar  -I../rx_ink_lib -I../rx_common_lib -I../Externals/TinyXML -I./rx_rexroth_lib -I../rx_rip_lib -I../rx_tif_lib -I../rx_pecore_lib -I../Externals/libtiff -I../Externals/mlpi/include -I../Externals/matrix/linux/include -I../Externals/libxl/include_c -DNDEBUG -Drelease -Dlinux  -c datalogic.c -o Release-lx/datalogic.o -MD -MF Release-lx/datalogic.dep
  gcc -pthread -ggdb -ffunction-sections -O0 -fshort-wchar  -I../rx_ink_lib -I../rx_common_lib -I../Externals/TinyXML -I./rx_rexroth_lib -I../rx_rip_lib -I../rx_tif_lib -I../rx_pecore_lib -I../Externals/libtiff -I../Externals/mlpi/include -I../Externals/matrix/linux/include -I../Externals/libxl/include_c -DNDEBUG -Drelease -Dlinux  -c enc_ctrl.c -o Release-lx/enc_ctrl.o -MD -MF Release-lx/enc_ctrl.dep
  gcc -pthread -ggdb -ffunction-sections -O0 -fshort-wchar  -I../rx_ink_lib -I../rx_common_lib -I../Externals/TinyXML -I./rx_rexroth_lib -I../rx_rip_lib -I../rx_tif_lib -I../rx_pecore_lib -I../Externals/libtiff -I../Externals/mlpi/include -I../Externals/matrix/linux/include -I../Externals/libxl/include_c -DNDEBUG -Drelease -Dlinux  -c fluid_ctrl.c -o Release-lx/fluid_ctrl.o -MD -MF Release-lx/fluid_ctrl.dep
  gcc -pthread -ggdb -ffunction-sections -O0 -fshort-wchar  -I../rx_ink_lib -I../rx_common_lib -I../Externals/TinyXML -I./rx_rexroth_lib -I../rx_rip_lib -I../rx_tif_lib -I../rx_pecore_lib -I../Externals/libtiff -I../Externals/mlpi/include -I../Externals/matrix/linux/include -I../Externals/libxl/include_c -DNDEBUG -Drelease -Dlinux  -c gui_msg.c -o Release-lx/gui_msg.o -MD -MF Release-lx/gui_msg.dep
  gcc -pthread -ggdb -ffunction-sections -O0 -fshort-wchar  -I../rx_ink_lib -I../rx_common_lib -I../Externals/TinyXML -I./rx_rexroth_lib -I../rx_rip_lib -I../rx_tif_lib -I../rx_pecore_lib -I../Externals/libtiff -I../Externals/mlpi/include -I../Externals/matrix/linux/include -I../Externals/libxl/include_c -DNDEBUG -Drelease -Dlinux  -c gui_svr.c -o Release-lx/gui_svr.o -MD -MF Release-lx/gui_svr.dep
  gcc -pthread -ggdb -ffunction-sections -O0 -fshort-wchar  -I../rx_ink_lib -I../rx_common_lib -I../Externals/TinyXML -I./rx_rexroth_lib -I../rx_rip_lib -I../rx_tif_lib -I../rx_pecore_lib -I../Externals/libtiff -I../Externals/mlpi/include -I../Externals/matrix/linux/include -I../Externals/libxl/include_c -DNDEBUG -Drelease -Dlinux  -c label.c -o Release-lx/label.o -MD -MF Release-lx/label.dep
  gcc -pthread -ggdb -ffunction-sections -O0 -fshort-wchar  -I../rx_ink_lib -I../rx_common_lib -I../Externals/TinyXML -I./rx_rexroth_lib -I../rx_rip_lib -I../rx_tif_lib -I../rx_pecore_lib -I../Externals/libtiff -I../Externals/mlpi/include -I../Externals/matrix/linux/include -I../Externals/libxl/include_c -DNDEBUG -Drelease -Dlinux  -c machine_ctrl.c -o Release-lx/machine_ctrl.o -MD -MF Release-lx/machine_ctrl.dep
  gcc -pthread -ggdb -ffunction-sections -O0 -fshort-wchar  -I../rx_ink_lib -I../rx_common_lib -I../Externals/TinyXML -I./rx_rexroth_lib -I../rx_rip_lib -I../rx_tif_lib -I../rx_pecore_lib -I../Externals/libtiff -I../Externals/mlpi/include -I../Externals/matrix/linux/include -I../Externals/libxl/include_c -DNDEBUG -Drelease -Dlinux  -c network.c -o Release-lx/network.o -MD -MF Release-lx/network.dep
  gcc -pthread -ggdb -ffunction-sections -O0 -fshort-wchar  -I../rx_ink_lib -I../rx_common_lib -I../Externals/TinyXML -I./rx_rexroth_lib -I../rx_rip_lib -I../rx_tif_lib -I../rx_pecore_lib -I../Externals/libtiff -I../Externals/mlpi/include -I../Externals/matrix/linux/include -I../Externals/libxl/include_c -DNDEBUG -Drelease -Dlinux  -c plc_ctrl.c -o Release-lx/plc_ctrl.o -MD -MF Release-lx/plc_ctrl.dep
  gcc -pthread -ggdb -ffunction-sections -O0 -fshort-wchar  -I../rx_ink_lib -I../rx_common_lib -I../Externals/TinyXML -I./rx_rexroth_lib -I../rx_rip_lib -I../rx_tif_lib -I../rx_pecore_lib -I../Externals/libtiff -I../Externals/mlpi/include -I../Externals/matrix/linux/include -I../Externals/libxl/include_c -DNDEBUG -Drelease -Dlinux  -c print_ctrl.c -o Release-lx/print_ctrl.o -MD -MF Release-lx/print_ctrl.dep
  gcc -pthread -ggdb -ffunction-sections -O0 -fshort-wchar  -I../rx_ink_lib -I../rx_common_lib -I../Externals/TinyXML -I./rx_rexroth_lib -I../rx_rip_lib -I../rx_tif_lib -I../rx_pecore_lib -I../Externals/libtiff -I../Externals/mlpi/include -I../Externals/matrix/linux/include -I../Externals/libxl/include_c -DNDEBUG -Drelease -Dlinux  -c print_queue.c -o Release-lx/print_queue.o -MD -MF Release-lx/print_queue.dep
  gcc -pthread -ggdb -ffunction-sections -O0 -fshort-wchar  -I../rx_ink_lib -I../rx_common_lib -I../Externals/TinyXML -I./rx_rexroth_lib -I../rx_rip_lib -I../rx_tif_lib -I../rx_pecore_lib -I../Externals/libtiff -I../Externals/mlpi/include -I../Externals/matrix/linux/include -I../Externals/libxl/include_c -DNDEBUG -Drelease -Dlinux  -c rfs.c -o Release-lx/rfs.o -MD -MF Release-lx/rfs.dep
  gcc -pthread -ggdb -ffunction-sections -O0 -fshort-wchar  -I../rx_ink_lib -I../rx_common_lib -I../Externals/TinyXML -I./rx_rexroth_lib -I../rx_rip_lib -I../rx_tif_lib -I../rx_pecore_lib -I../Externals/libtiff -I../Externals/mlpi/include -I../Externals/matrix/linux/include -I../Externals/libxl/include_c -DNDEBUG -Drelease -Dlinux  -c rx_main_ctrl.c -o Release-lx/rx_main_ctrl.o -MD -MF Release-lx/rx_main_ctrl.dep
  g++ -pthread -ggdb -ffunction-sections -O0 -fshort-wchar  -I../rx_ink_lib -I../rx_common_lib -I../Externals/TinyXML -I./rx_rexroth_lib -I../rx_rip_lib -I../rx_tif_lib -I../rx_pecore_lib -I../Externals/libtiff -I../Externals/mlpi/include -I../Externals/matrix/linux/include -I../Externals/libxl/include_c -DNDEBUG -Drelease -Dlinux  -c rx_rexroth_lib/app.cpp -o Release-lx/app.o -MD -MF Release-lx/app.dep
  gcc -pthread -ggdb -ffunction-sections -O0 -fshort-wchar  -I../rx_ink_lib -I../rx_common_lib -I../Externals/TinyXML -I./rx_rexroth_lib -I../rx_rip_lib -I../rx_tif_lib -I../rx_pecore_lib -I../Externals/libtiff -I../Externals/mlpi/include -I../Externals/matrix/linux/include -I../Externals/libxl/include_c -DNDEBUG -Drelease -Dlinux  -c rx_rexroth_lib/ftplib/ftp.c -o Release-lx/ftp.o -MD -MF Release-lx/ftp.dep
  gcc -pthread -ggdb -ffunction-sections -O0 -fshort-wchar  -I../rx_ink_lib -I../rx_common_lib -I../Externals/TinyXML -I./rx_rexroth_lib -I../rx_rip_lib -I../rx_tif_lib -I../rx_pecore_lib -I../Externals/libtiff -I../Externals/mlpi/include -I../Externals/matrix/linux/include -I../Externals/libxl/include_c -DNDEBUG -Drelease -Dlinux  -c rx_rexroth_lib/ftplib/ftplib.c -o Release-lx/ftplib.o -MD -MF Release-lx/ftplib.dep
  g++ -pthread -ggdb -ffunction-sections -O0 -fshort-wchar  -I../rx_ink_lib -I../rx_common_lib -I../Externals/TinyXML -I./rx_rexroth_lib -I../rx_rip_lib -I../rx_tif_lib -I../rx_pecore_lib -I../Externals/libtiff -I../Externals/mlpi/include -I../Externals/matrix/linux/include -I../Externals/libxl/include_c -DNDEBUG -Drelease -Dlinux  -c rx_rexroth_lib/lc.cpp -o Release-lx/lc.o -MD -MF Release-lx/lc.dep
  g++ -pthread -ggdb -ffunction-sections -O0 -fshort-wchar  -I../rx_ink_lib -I../rx_common_lib -I../Externals/TinyXML -I./rx_rexroth_lib -I../rx_rip_lib -I../rx_tif_lib -I../rx_pecore_lib -I../Externals/libtiff -I../Externals/mlpi/include -I../Externals/matrix/linux/include -I../Externals/libxl/include_c -DNDEBUG -Drelease -Dlinux  -c rx_rexroth_lib/mlpi.cpp -o Release-lx/mlpi.o -MD -MF Release-lx/mlpi.dep
  g++ -pthread -ggdb -ffunction-sections -O0 -fshort-wchar  -I../rx_ink_lib -I../rx_common_lib -I../Externals/TinyXML -I./rx_rexroth_lib -I../rx_rip_lib -I../rx_tif_lib -I../rx_pecore_lib -I../Externals/libtiff -I../Externals/mlpi/include -I../Externals/matrix/linux/include -I../Externals/libxl/include_c -DNDEBUG -Drelease -Dlinux  -c rx_rexroth_lib/par.cpp -o Release-lx/par.o -MD -MF Release-lx/par.dep
  g++ -pthread -ggdb -ffunction-sections -O0 -fshort-wchar  -I../rx_ink_lib -I../rx_common_lib -I../Externals/TinyXML -I./rx_rexroth_lib -I../rx_rip_lib -I../rx_tif_lib -I../rx_pecore_lib -I../Externals/libtiff -I../Externals/mlpi/include -I../Externals/matrix/linux/include -I../Externals/libxl/include_c -DNDEBUG -Drelease -Dlinux  -c rx_rexroth_lib/sys.cpp -o Release-lx/sys.o -MD -MF Release-lx/sys.dep
  gcc -pthread -ggdb -ffunction-sections -O0 -fshort-wchar  -I../rx_ink_lib -I../rx_common_lib -I../Externals/TinyXML -I./rx_rexroth_lib -I../rx_rip_lib -I../rx_tif_lib -I../rx_pecore_lib -I../Externals/libtiff -I../Externals/mlpi/include -I../Externals/matrix/linux/include -I../Externals/libxl/include_c -DNDEBUG -Drelease -Dlinux  -c setup.c -o Release-lx/setup.o -MD -MF Release-lx/setup.dep
  gcc -pthread -ggdb -ffunction-sections -O0 -fshort-wchar  -I../rx_ink_lib -I../rx_common_lib -I../Externals/TinyXML -I./rx_rexroth_lib -I../rx_rip_lib -I../rx_tif_lib -I../rx_pecore_lib -I../Externals/libtiff -I../Externals/mlpi/include -I../Externals/matrix/linux/include -I../Externals/libxl/include_c -DNDEBUG -Drelease -Dlinux  -c spool_svr.c -o Release-lx/spool_svr.o -MD -MF Release-lx/spool_svr.dep
  gcc -pthread -ggdb -ffunction-sections -O0 -fshort-wchar  -I../rx_ink_lib -I../rx_common_lib -I../Externals/TinyXML -I./rx_rexroth_lib -I../rx_rip_lib -I../rx_tif_lib -I../rx_pecore_lib -I../Externals/libtiff -I../Externals/mlpi/include -I../Externals/matrix/linux/include -I../Externals/libxl/include_c -DNDEBUG -Drelease -Dlinux  -c step_cleaf.c -o Release-lx/step_cleaf.o -MD -MF Release-lx/step_cleaf.dep
  gcc -pthread -ggdb -ffunction-sections -O0 -fshort-wchar  -I../rx_ink_lib -I../rx_common_lib -I../Externals/TinyXML -I./rx_rexroth_lib -I../rx_rip_lib -I../rx_tif_lib -I../rx_pecore_lib -I../Externals/libtiff -I../Externals/mlpi/include -I../Externals/matrix/linux/include -I../Externals/libxl/include_c -DNDEBUG -Drelease -Dlinux  -c step_ctrl.c -o Release-lx/step_ctrl.o -MD -MF Release-lx/step_ctrl.dep
  gcc -pthread -ggdb -ffunction-sections -O0 -fshort-wchar  -I../rx_ink_lib -I../rx_common_lib -I../Externals/TinyXML -I./rx_rexroth_lib -I../rx_rip_lib -I../rx_tif_lib -I../rx_pecore_lib -I../Externals/libtiff -I../Externals/mlpi/include -I../Externals/matrix/linux/include -I../Externals/libxl/include_c -DNDEBUG -Drelease -Dlinux  -c step_std.c -o Release-lx/step_std.o -MD -MF Release-lx/step_std.dep
  gcc -pthread -ggdb -ffunction-sections -O0 -fshort-wchar  -I../rx_ink_lib -I../rx_common_lib -I../Externals/TinyXML -I./rx_rexroth_lib -I../rx_rip_lib -I../rx_tif_lib -I../rx_pecore_lib -I../Externals/libtiff -I../Externals/mlpi/include -I../Externals/matrix/linux/include -I../Externals/libxl/include_c -DNDEBUG -Drelease -Dlinux  -c step_test.c -o Release-lx/step_test.o -MD -MF Release-lx/step_test.dep
  gcc -pthread -ggdb -ffunction-sections -O0 -fshort-wchar  -I../rx_ink_lib -I../rx_common_lib -I../Externals/TinyXML -I./rx_rexroth_lib -I../rx_rip_lib -I../rx_tif_lib -I../rx_pecore_lib -I../Externals/libtiff -I../Externals/mlpi/include -I../Externals/matrix/linux/include -I../Externals/libxl/include_c -DNDEBUG -Drelease -Dlinux  -c step_tx.c -o Release-lx/step_tx.o -MD -MF Release-lx/step_tx.dep
  gcc -pthread -ggdb -ffunction-sections -O0 -fshort-wchar  -I../rx_ink_lib -I../rx_common_lib -I../Externals/TinyXML -I./rx_rexroth_lib -I../rx_rip_lib -I../rx_tif_lib -I../rx_pecore_lib -I../Externals/libtiff -I../Externals/mlpi/include -I../Externals/matrix/linux/include -I../Externals/libxl/include_c -DNDEBUG -Drelease -Dlinux  -c version.c -o Release-lx/version.o -MD -MF Release-lx/version.dep
  g++ -o Release-lx/rx_main_ctrl -Wl,-gc-sections -pthread   -L/usr/lib -L../Externals/libxl/lib64 -Wl,--start-group Release-lx/rx_ink_common.o Release-lx/chiller.o Release-lx/cleaf_orders.o Release-lx/ctr.o Release-lx/pe_main.o Release-lx/prod_log.o Release-lx/lh702_ctrl.o Release-lx/step_dp.o Release-lx/step_lb.o Release-lx/args.o Release-lx/boot_svr.o Release-lx/ctrl_msg.o Release-lx/ctrl_svr.o Release-lx/datalogic.o Release-lx/enc_ctrl.o Release-lx/fluid_ctrl.o Release-lx/gui_msg.o Release-lx/gui_svr.o Release-lx/label.o Release-lx/machine_ctrl.o Release-lx/network.o Release-lx/plc_ctrl.o Release-lx/print_ctrl.o Release-lx/print_queue.o Release-lx/rfs.o Release-lx/rx_main_ctrl.o Release-lx/app.o Release-lx/ftp.o Release-lx/ftplib.o Release-lx/lc.o Release-lx/mlpi.o Release-lx/par.o Release-lx/sys.o Release-lx/setup.o Release-lx/spool_svr.o Release-lx/step_cleaf.o Release-lx/step_ctrl.o Release-lx/step_std.o Release-lx/step_test.o Release-lx/step_tx.o Release-lx/version.o -lmlpi -lxl ../rx_common_lib/Release-lx/rx_common_lib.a ../rx_tif_lib/Release-lx/rx_tif_lib.a ../rx_rip_lib/Release-lx/rx_rip_lib.a ../rx_pecore_lib/Release-lx/rx_pecore_lib.a ../Externals/TinyXML/Release-lx/TinyXML.a -Wl,--rpath='$ORIGIN' -Wl,--rpath='$ORIGIN/../../rx_common_lib/Release-lx/' -Wl,--rpath='$ORIGIN/../../rx_tif_lib/Release-lx/' -Wl,--rpath='$ORIGIN/../../rx_rip_lib/Release-lx/' -Wl,--rpath='$ORIGIN/../../rx_pecore_lib/Release-lx/' -Wl,--rpath='$ORIGIN/../../Externals/TinyXML/Release-lx/'  -Wl,--end-group
  VisualGDB: Executing post-build actions
  VisualGDB: Copy file /tmp/VisualGDB/c/Develop/PrintEngine/rx_main_ctrl/Release-lx/rx_main_ctrl on localhost:2222 to C:\Develop\PrintEngine\rx_main_ctrl\..\bin\main\rx_main_ctrl on local computer
  VisualGDB: Copy file C:\Develop\PrintEngine\rx_main_ctrl\..\Externals\mlpi\bin\linux-gcc-x64\libmlpi.so.1 on local computer to C:\Develop\PrintEngine\rx_main_ctrl\..\bin\main\libmlpi.so.1 on local computer
  VisualGDB: Copy file C:\Develop\PrintEngine\rx_main_ctrl\..\Externals\libxl\lib64\libxl.so on local computer to C:\Develop\PrintEngine\rx_main_ctrl\..\bin\main\libxl.so on local computer
