c:\develop\printengine\_out\release\rx_common_lib.pdb
c:\develop\printengine\_temp\rx_common_lib\release_win32\rx_mem.obj
c:\develop\printengine\_temp\rx_common_lib\release_win32\rx_mac_address.obj
c:\develop\printengine\_temp\rx_common_lib\release_win32\rx_log.obj
c:\develop\printengine\_temp\rx_common_lib\release_win32\rx_list.obj
c:\develop\printengine\_temp\rx_common_lib\release_win32\rx_led.obj
c:\develop\printengine\_temp\rx_common_lib\release_win32\rx_file.obj
c:\develop\printengine\_temp\rx_common_lib\release_win32\rx_error.obj
c:\develop\printengine\_temp\rx_common_lib\release_win32\rx_hash.obj
c:\develop\printengine\_temp\rx_common_lib\release_win32\rx_fpga.obj
c:\develop\printengine\_temp\rx_common_lib\release_win32\rx_fifo.obj
c:\develop\printengine\_temp\rx_common_lib\release_win32\rx_embrip_def.obj
c:\develop\printengine\_temp\rx_common_lib\release_win32\rx_def.obj
c:\develop\printengine\_temp\rx_common_lib\release_win32\rx_csv.obj
c:\develop\printengine\_temp\rx_common_lib\release_win32\rx_crc.obj
c:\develop\printengine\_temp\rx_common_lib\release_win32\rx_common.obj
c:\develop\printengine\_temp\rx_common_lib\release_win32\rx_bitmap.obj
c:\develop\printengine\_temp\rx_common_lib\release_win32\hex2bin.obj
c:\develop\printengine\_temp\rx_common_lib\release_win32\fastlz.obj
c:\develop\printengine\_temp\rx_common_lib\release_win32\bmp.obj
c:\develop\printengine\_temp\rx_common_lib\release_win32\sha1.obj
c:\develop\printengine\_temp\rx_common_lib\release_win32\rx_trace.obj
c:\develop\printengine\_temp\rx_common_lib\release_win32\rx_threads.obj
c:\develop\printengine\_temp\rx_common_lib\release_win32\rx_term.obj
c:\develop\printengine\_temp\rx_common_lib\release_win32\rx_system.obj
c:\develop\printengine\_temp\rx_common_lib\release_win32\rx_sok.obj
c:\develop\printengine\_temp\rx_common_lib\release_win32\rx_setup_ink.obj
c:\develop\printengine\_temp\rx_common_lib\release_win32\rx_xml.obj
c:\develop\printengine\_temp\rx_common_lib\release_win32\rx_setup_file.obj
c:\develop\printengine\_out\release\rx_common_lib.lib
c:\develop\printengine\rx_common_lib\..\_out\release\rx_common_lib.pdb
c:\develop\printengine\rx_common_lib\..\_out\release\rx_common_lib.lib
c:\develop\printengine\_temp\rx_common_lib\release_win32\rx_common_lib.tlog\cl.command.1.tlog
c:\develop\printengine\_temp\rx_common_lib\release_win32\rx_common_lib.tlog\cl.read.1.tlog
c:\develop\printengine\_temp\rx_common_lib\release_win32\rx_common_lib.tlog\cl.write.1.tlog
c:\develop\printengine\_temp\rx_common_lib\release_win32\rx_common_lib.tlog\lib-link.read.1.tlog
c:\develop\printengine\_temp\rx_common_lib\release_win32\rx_common_lib.tlog\lib-link.write.1.tlog
c:\develop\printengine\_temp\rx_common_lib\release_win32\rx_common_lib.tlog\lib.command.1.tlog
