  update >>C:\Develop\PrintEngine\rx_main_ctrl\version.c<<
  txt file >>C:\Develop\PrintEngine\rx_main_ctrl\version.txt<<
  rx_ink_common.c
  chiller.c
  cleaf_orders.c
  ctr.c
  pe_main.c
  prod_log.c
  lh702_ctrl.c
  step_dp.c
  step_lb.c
  args.c
  boot_svr.c
  ctrl_msg.c
  ctrl_svr.c
  datalogic.c
  enc_ctrl.c
  fluid_ctrl.c
  gui_msg.c
  gui_svr.c
  label.c
  machine_ctrl.c
  Compiling...
  network.c
  plc_ctrl.c
  print_ctrl.c
  print_queue.c
  rfs.c
  rx_main_ctrl.c
  ftp.c
  ftplib.c
  setup.c
  spool_svr.c
  step_cleaf.c
  step_ctrl.c
  step_std.c
  step_test.c
  step_tx.c
  version.c
  app.cpp
  lc.cpp
  mlpi.cpp
  par.cpp
  sys.cpp
     Creating library C:\Develop\PrintEngine\rx_main_ctrl\..\_out\Release\rx_main_ctrl.lib and object C:\Develop\PrintEngine\rx_main_ctrl\..\_out\Release\rx_main_ctrl.exp
  Generating code
  Finished generating code
  rx_main_ctrl.vcxproj -> C:\Develop\PrintEngine\rx_main_ctrl\..\_out\Release\rx_main_ctrl.exe
  Ein Unterverzeichnis oder eine Datei mit dem Namen "C:\Develop\PrintEngine\rx_main_ctrl\..\bin\win" existiert bereits.
          1 Datei(en) kopiert.
          1 Datei(en) kopiert.
          1 Datei(en) kopiert.
