c:\develop\printengine\_temp\rx_main_ctrl\release\machine_ctrl.obj
c:\develop\printengine\_temp\rx_main_ctrl\release\label.obj
c:\develop\printengine\_temp\rx_main_ctrl\release\gui_svr.obj
c:\develop\printengine\_temp\rx_main_ctrl\release\gui_msg.obj
c:\develop\printengine\_temp\rx_main_ctrl\release\fluid_ctrl.obj
c:\develop\printengine\_temp\rx_main_ctrl\release\enc_ctrl.obj
c:\develop\printengine\_temp\rx_main_ctrl\release\datalogic.obj
c:\develop\printengine\_temp\rx_main_ctrl\release\ctrl_svr.obj
c:\develop\printengine\_temp\rx_main_ctrl\release\ctrl_msg.obj
c:\develop\printengine\_temp\rx_main_ctrl\release\boot_svr.obj
c:\develop\printengine\_temp\rx_main_ctrl\release\args.obj
c:\develop\printengine\_temp\rx_main_ctrl\release\step_lb.obj
c:\develop\printengine\_temp\rx_main_ctrl\release\step_dp.obj
c:\develop\printengine\_temp\rx_main_ctrl\release\lh702_ctrl.obj
c:\develop\printengine\_temp\rx_main_ctrl\release\prod_log.obj
c:\develop\printengine\_temp\rx_main_ctrl\release\pe_main.obj
c:\develop\printengine\_temp\rx_main_ctrl\release\ctr.obj
c:\develop\printengine\_temp\rx_main_ctrl\release\cleaf_orders.obj
c:\develop\printengine\_temp\rx_main_ctrl\release\chiller.obj
c:\develop\printengine\_temp\rx_main_ctrl\release\rx_ink_common.obj
c:\develop\printengine\_temp\rx_main_ctrl\release\version.obj
c:\develop\printengine\_temp\rx_main_ctrl\release\step_tx.obj
c:\develop\printengine\_temp\rx_main_ctrl\release\step_test.obj
c:\develop\printengine\_temp\rx_main_ctrl\release\step_std.obj
c:\develop\printengine\_temp\rx_main_ctrl\release\step_ctrl.obj
c:\develop\printengine\_temp\rx_main_ctrl\release\step_cleaf.obj
c:\develop\printengine\_temp\rx_main_ctrl\release\spool_svr.obj
c:\develop\printengine\_temp\rx_main_ctrl\release\setup.obj
c:\develop\printengine\_temp\rx_main_ctrl\release\ftplib.obj
c:\develop\printengine\_temp\rx_main_ctrl\release\ftp.obj
c:\develop\printengine\_temp\rx_main_ctrl\release\rx_main_ctrl.obj
c:\develop\printengine\_temp\rx_main_ctrl\release\rfs.obj
c:\develop\printengine\_temp\rx_main_ctrl\release\print_queue.obj
c:\develop\printengine\_temp\rx_main_ctrl\release\print_ctrl.obj
c:\develop\printengine\_temp\rx_main_ctrl\release\plc_ctrl.obj
c:\develop\printengine\_temp\rx_main_ctrl\release\network.obj
c:\develop\printengine\_temp\rx_main_ctrl\release\sys.obj
c:\develop\printengine\_temp\rx_main_ctrl\release\par.obj
c:\develop\printengine\_temp\rx_main_ctrl\release\mlpi.obj
c:\develop\printengine\_temp\rx_main_ctrl\release\lc.obj
c:\develop\printengine\_temp\rx_main_ctrl\release\app.obj
c:\develop\printengine\_out\release\rx_main_ctrl.exe
c:\develop\printengine\_out\release\rx_main_ctrl.pdb
c:\develop\printengine\_out\release\rx_main_ctrl.lib
c:\develop\printengine\_out\release\rx_main_ctrl.exp
c:\develop\printengine\rx_main_ctrl\..\_out\release\rx_main_ctrl.pdb
c:\develop\printengine\rx_main_ctrl\..\_out\release\rx_main_ctrl.exe
c:\develop\printengine\_temp\rx_main_ctrl\release\rx_main_ctrl.tlog\cl.command.1.tlog
c:\develop\printengine\_temp\rx_main_ctrl\release\rx_main_ctrl.tlog\cl.read.1.tlog
c:\develop\printengine\_temp\rx_main_ctrl\release\rx_main_ctrl.tlog\cl.write.1.tlog
c:\develop\printengine\_temp\rx_main_ctrl\release\rx_main_ctrl.tlog\link.command.1.tlog
c:\develop\printengine\_temp\rx_main_ctrl\release\rx_main_ctrl.tlog\link.read.1.tlog
c:\develop\printengine\_temp\rx_main_ctrl\release\rx_main_ctrl.tlog\link.write.1.tlog
c:\develop\printengine\_temp\rx_main_ctrl\release\rx_main_ctrl.tlog\rx_main_ctrl.write.1u.tlog
