  VisualGDB: C:\Develop\PrintEngine\rx_tif_lib => /tmp/VisualGDB/c/Develop/PrintEngine/rx_tif_lib: 13 files copied (134KB).
  VisualGDB: Executing pre-build actions
  VisualGDB: Transfer files from /tmp/VisualGDB/c/Develop/PrintEngine/rx_tif_lib/../Externals/TinyXML on localhost:2222 to C:\Develop\PrintEngine\rx_tif_lib/../Externals/TinyXML
  VisualGDB: 16 files copied (247KB).
  VisualGDB: Transfer files from /tmp/VisualGDB/c/Develop/PrintEngine/rx_tif_lib/../Externals/libtiff on localhost:2222 to C:\Develop\PrintEngine\rx_tif_lib/../Externals/libtiff
  VisualGDB: 55 files copied (1196KB).
  VisualGDB: Transfer files from /tmp/VisualGDB/c/Develop/PrintEngine/rx_tif_lib/../Externals/mbedtls-1.3.10 on localhost:2222 to C:\Develop\PrintEngine\rx_tif_lib/../Externals/mbedtls-1.3.10
EXEC : warning : Stderr line received 'tar: configs: Zeitstempel 2020-01-23 18:27:09 liegt 3599.5632777 Sekunden in der Zukunft.'
EXEC : warning : Stderr line received 'tar: doxygen/input: Zeitstempel 2020-01-23 18:27:09 liegt 3599.5373685 Sekunden in der Zukunft.'
EXEC : warning : Stderr line received 'tar: doxygen: Zeitstempel 2020-01-23 18:27:09 liegt 3599.5372922 Sekunden in der Zukunft.'
EXEC : warning : Stderr line received 'tar: include/polarssl: Zeitstempel 2020-01-23 18:27:09 liegt 3599.2638706 Sekunden in der Zukunft.'
EXEC : warning : Stderr line received 'tar: include: Zeitstempel 2020-01-23 18:27:09 liegt 3599.2637881 Sekunden in der Zukunft.'
EXEC : warning : Stderr line received 'tar: library: Zeitstempel 2020-01-23 18:27:09 liegt 3598.8945156 Sekunden in der Zukunft.'
EXEC : warning : Stderr line received 'tar: programs/aes: Zeitstempel 2020-01-23 18:27:09 liegt 3598.8812883 Sekunden in der Zukunft.'
EXEC : warning : Stderr line received 'tar: programs/hash: Zeitstempel 2020-01-23 18:27:09 liegt 3598.8557951 Sekunden in der Zukunft.'
EXEC : warning : Stderr line received 'tar: programs/pkey: Zeitstempel 2020-01-23 18:27:09 liegt 3598.7805282 Sekunden in der Zukunft.'
EXEC : warning : Stderr line received 'tar: programs/random: Zeitstempel 2020-01-23 18:27:09 liegt 3598.7672857 Sekunden in der Zukunft.'
EXEC : warning : Stderr line received 'tar: programs/ssl: Zeitstempel 2020-01-23 18:27:09 liegt 3598.7072489 Sekunden in der Zukunft.'
EXEC : warning : Stderr line received 'tar: programs/test: Zeitstempel 2020-01-23 18:27:09 liegt 3598.680722 Sekunden in der Zukunft.'
EXEC : warning : Stderr line received 'tar: programs/util: Zeitstempel 2020-01-23 18:27:09 liegt 3598.6702454 Sekunden in der Zukunft.'
EXEC : warning : Stderr line received 'tar: programs/x509: Zeitstempel 2020-01-23 18:27:09 liegt 3598.6376111 Sekunden in der Zukunft.'
EXEC : warning : Stderr line received 'tar: programs: Zeitstempel 2020-01-23 18:27:09 liegt 3598.6375352 Sekunden in der Zukunft.'
EXEC : warning : Stderr line received 'tar: tests: Zeitstempel 2020-01-23 18:27:09 liegt 3598.6301582 Sekunden in der Zukunft.'
  VisualGDB: 198 files copied (2851KB).
  VisualGDB: Run "make CONFIG=Release-lx" in directory "/tmp/VisualGDB/c/Develop/PrintEngine/rx_tif_lib" on root@localhost:2222 (SSH)
  mkdir Release-lx
  gcc -ggdb -ffunction-sections -O0 -pthread  -I../rx_ink_lib -I../rx_common_lib -I../Externals/libtiff -I../Externals/mbedtls-1.3.10/include -DNDEBUG -DRELEASE -Dlinux  -c ../Externals/libtiff/tif_aux.c -o Release-lx/tif_aux.o -MD -MF Release-lx/tif_aux.dep
  gcc -ggdb -ffunction-sections -O0 -pthread  -I../rx_ink_lib -I../rx_common_lib -I../Externals/libtiff -I../Externals/mbedtls-1.3.10/include -DNDEBUG -DRELEASE -Dlinux  -c ../Externals/libtiff/tif_close.c -o Release-lx/tif_close.o -MD -MF Release-lx/tif_close.dep
  gcc -ggdb -ffunction-sections -O0 -pthread  -I../rx_ink_lib -I../rx_common_lib -I../Externals/libtiff -I../Externals/mbedtls-1.3.10/include -DNDEBUG -DRELEASE -Dlinux  -c ../Externals/libtiff/tif_codec.c -o Release-lx/tif_codec.o -MD -MF Release-lx/tif_codec.dep
  gcc -ggdb -ffunction-sections -O0 -pthread  -I../rx_ink_lib -I../rx_common_lib -I../Externals/libtiff -I../Externals/mbedtls-1.3.10/include -DNDEBUG -DRELEASE -Dlinux  -c ../Externals/libtiff/tif_color.c -o Release-lx/tif_color.o -MD -MF Release-lx/tif_color.dep
  gcc -ggdb -ffunction-sections -O0 -pthread  -I../rx_ink_lib -I../rx_common_lib -I../Externals/libtiff -I../Externals/mbedtls-1.3.10/include -DNDEBUG -DRELEASE -Dlinux  -c ../Externals/libtiff/tif_compress.c -o Release-lx/tif_compress.o -MD -MF Release-lx/tif_compress.dep
  gcc -ggdb -ffunction-sections -O0 -pthread  -I../rx_ink_lib -I../rx_common_lib -I../Externals/libtiff -I../Externals/mbedtls-1.3.10/include -DNDEBUG -DRELEASE -Dlinux  -c ../Externals/libtiff/tif_dir.c -o Release-lx/tif_dir.o -MD -MF Release-lx/tif_dir.dep
  gcc -ggdb -ffunction-sections -O0 -pthread  -I../rx_ink_lib -I../rx_common_lib -I../Externals/libtiff -I../Externals/mbedtls-1.3.10/include -DNDEBUG -DRELEASE -Dlinux  -c ../Externals/libtiff/tif_dirinfo.c -o Release-lx/tif_dirinfo.o -MD -MF Release-lx/tif_dirinfo.dep
  gcc -ggdb -ffunction-sections -O0 -pthread  -I../rx_ink_lib -I../rx_common_lib -I../Externals/libtiff -I../Externals/mbedtls-1.3.10/include -DNDEBUG -DRELEASE -Dlinux  -c ../Externals/libtiff/tif_dirread.c -o Release-lx/tif_dirread.o -MD -MF Release-lx/tif_dirread.dep
  gcc -ggdb -ffunction-sections -O0 -pthread  -I../rx_ink_lib -I../rx_common_lib -I../Externals/libtiff -I../Externals/mbedtls-1.3.10/include -DNDEBUG -DRELEASE -Dlinux  -c ../Externals/libtiff/tif_dirwrite.c -o Release-lx/tif_dirwrite.o -MD -MF Release-lx/tif_dirwrite.dep
  gcc -ggdb -ffunction-sections -O0 -pthread  -I../rx_ink_lib -I../rx_common_lib -I../Externals/libtiff -I../Externals/mbedtls-1.3.10/include -DNDEBUG -DRELEASE -Dlinux  -c ../Externals/libtiff/tif_dumpmode.c -o Release-lx/tif_dumpmode.o -MD -MF Release-lx/tif_dumpmode.dep
  gcc -ggdb -ffunction-sections -O0 -pthread  -I../rx_ink_lib -I../rx_common_lib -I../Externals/libtiff -I../Externals/mbedtls-1.3.10/include -DNDEBUG -DRELEASE -Dlinux  -c ../Externals/libtiff/tif_error.c -o Release-lx/tif_error.o -MD -MF Release-lx/tif_error.dep
  gcc -ggdb -ffunction-sections -O0 -pthread  -I../rx_ink_lib -I../rx_common_lib -I../Externals/libtiff -I../Externals/mbedtls-1.3.10/include -DNDEBUG -DRELEASE -Dlinux  -c ../Externals/libtiff/tif_extension.c -o Release-lx/tif_extension.o -MD -MF Release-lx/tif_extension.dep
  gcc -ggdb -ffunction-sections -O0 -pthread  -I../rx_ink_lib -I../rx_common_lib -I../Externals/libtiff -I../Externals/mbedtls-1.3.10/include -DNDEBUG -DRELEASE -Dlinux  -c ../Externals/libtiff/tif_fax3.c -o Release-lx/tif_fax3.o -MD -MF Release-lx/tif_fax3.dep
  gcc -ggdb -ffunction-sections -O0 -pthread  -I../rx_ink_lib -I../rx_common_lib -I../Externals/libtiff -I../Externals/mbedtls-1.3.10/include -DNDEBUG -DRELEASE -Dlinux  -c ../Externals/libtiff/tif_fax3sm.c -o Release-lx/tif_fax3sm.o -MD -MF Release-lx/tif_fax3sm.dep
  gcc -ggdb -ffunction-sections -O0 -pthread  -I../rx_ink_lib -I../rx_common_lib -I../Externals/libtiff -I../Externals/mbedtls-1.3.10/include -DNDEBUG -DRELEASE -Dlinux  -c ../Externals/libtiff/tif_flush.c -o Release-lx/tif_flush.o -MD -MF Release-lx/tif_flush.dep
  gcc -ggdb -ffunction-sections -O0 -pthread  -I../rx_ink_lib -I../rx_common_lib -I../Externals/libtiff -I../Externals/mbedtls-1.3.10/include -DNDEBUG -DRELEASE -Dlinux  -c ../Externals/libtiff/tif_getimage.c -o Release-lx/tif_getimage.o -MD -MF Release-lx/tif_getimage.dep
  gcc -ggdb -ffunction-sections -O0 -pthread  -I../rx_ink_lib -I../rx_common_lib -I../Externals/libtiff -I../Externals/mbedtls-1.3.10/include -DNDEBUG -DRELEASE -Dlinux  -c ../Externals/libtiff/tif_luv.c -o Release-lx/tif_luv.o -MD -MF Release-lx/tif_luv.dep
  gcc -ggdb -ffunction-sections -O0 -pthread  -I../rx_ink_lib -I../rx_common_lib -I../Externals/libtiff -I../Externals/mbedtls-1.3.10/include -DNDEBUG -DRELEASE -Dlinux  -c ../Externals/libtiff/tif_lzw.c -o Release-lx/tif_lzw.o -MD -MF Release-lx/tif_lzw.dep
  gcc -ggdb -ffunction-sections -O0 -pthread  -I../rx_ink_lib -I../rx_common_lib -I../Externals/libtiff -I../Externals/mbedtls-1.3.10/include -DNDEBUG -DRELEASE -Dlinux  -c ../Externals/libtiff/tif_next.c -o Release-lx/tif_next.o -MD -MF Release-lx/tif_next.dep
  gcc -ggdb -ffunction-sections -O0 -pthread  -I../rx_ink_lib -I../rx_common_lib -I../Externals/libtiff -I../Externals/mbedtls-1.3.10/include -DNDEBUG -DRELEASE -Dlinux  -c ../Externals/libtiff/tif_open.c -o Release-lx/tif_open.o -MD -MF Release-lx/tif_open.dep
  gcc -ggdb -ffunction-sections -O0 -pthread  -I../rx_ink_lib -I../rx_common_lib -I../Externals/libtiff -I../Externals/mbedtls-1.3.10/include -DNDEBUG -DRELEASE -Dlinux  -c ../Externals/libtiff/tif_packbits.c -o Release-lx/tif_packbits.o -MD -MF Release-lx/tif_packbits.dep
  gcc -ggdb -ffunction-sections -O0 -pthread  -I../rx_ink_lib -I../rx_common_lib -I../Externals/libtiff -I../Externals/mbedtls-1.3.10/include -DNDEBUG -DRELEASE -Dlinux  -c ../Externals/libtiff/tif_predict.c -o Release-lx/tif_predict.o -MD -MF Release-lx/tif_predict.dep
  gcc -ggdb -ffunction-sections -O0 -pthread  -I../rx_ink_lib -I../rx_common_lib -I../Externals/libtiff -I../Externals/mbedtls-1.3.10/include -DNDEBUG -DRELEASE -Dlinux  -c ../Externals/libtiff/tif_print.c -o Release-lx/tif_print.o -MD -MF Release-lx/tif_print.dep
  gcc -ggdb -ffunction-sections -O0 -pthread  -I../rx_ink_lib -I../rx_common_lib -I../Externals/libtiff -I../Externals/mbedtls-1.3.10/include -DNDEBUG -DRELEASE -Dlinux  -c ../Externals/libtiff/tif_read.c -o Release-lx/tif_read.o -MD -MF Release-lx/tif_read.dep
  gcc -ggdb -ffunction-sections -O0 -pthread  -I../rx_ink_lib -I../rx_common_lib -I../Externals/libtiff -I../Externals/mbedtls-1.3.10/include -DNDEBUG -DRELEASE -Dlinux  -c ../Externals/libtiff/tif_strip.c -o Release-lx/tif_strip.o -MD -MF Release-lx/tif_strip.dep
  gcc -ggdb -ffunction-sections -O0 -pthread  -I../rx_ink_lib -I../rx_common_lib -I../Externals/libtiff -I../Externals/mbedtls-1.3.10/include -DNDEBUG -DRELEASE -Dlinux  -c ../Externals/libtiff/tif_swab.c -o Release-lx/tif_swab.o -MD -MF Release-lx/tif_swab.dep
  gcc -ggdb -ffunction-sections -O0 -pthread  -I../rx_ink_lib -I../rx_common_lib -I../Externals/libtiff -I../Externals/mbedtls-1.3.10/include -DNDEBUG -DRELEASE -Dlinux  -c ../Externals/libtiff/tif_thunder.c -o Release-lx/tif_thunder.o -MD -MF Release-lx/tif_thunder.dep
  gcc -ggdb -ffunction-sections -O0 -pthread  -I../rx_ink_lib -I../rx_common_lib -I../Externals/libtiff -I../Externals/mbedtls-1.3.10/include -DNDEBUG -DRELEASE -Dlinux  -c ../Externals/libtiff/tif_tile.c -o Release-lx/tif_tile.o -MD -MF Release-lx/tif_tile.dep
  gcc -ggdb -ffunction-sections -O0 -pthread  -I../rx_ink_lib -I../rx_common_lib -I../Externals/libtiff -I../Externals/mbedtls-1.3.10/include -DNDEBUG -DRELEASE -Dlinux  -c ../Externals/libtiff/tif_unix.c -o Release-lx/tif_unix.o -MD -MF Release-lx/tif_unix.dep
  gcc -ggdb -ffunction-sections -O0 -pthread  -I../rx_ink_lib -I../rx_common_lib -I../Externals/libtiff -I../Externals/mbedtls-1.3.10/include -DNDEBUG -DRELEASE -Dlinux  -c ../Externals/libtiff/tif_version.c -o Release-lx/tif_version.o -MD -MF Release-lx/tif_version.dep
  gcc -ggdb -ffunction-sections -O0 -pthread  -I../rx_ink_lib -I../rx_common_lib -I../Externals/libtiff -I../Externals/mbedtls-1.3.10/include -DNDEBUG -DRELEASE -Dlinux  -c ../Externals/libtiff/tif_warning.c -o Release-lx/tif_warning.o -MD -MF Release-lx/tif_warning.dep
  gcc -ggdb -ffunction-sections -O0 -pthread  -I../rx_ink_lib -I../rx_common_lib -I../Externals/libtiff -I../Externals/mbedtls-1.3.10/include -DNDEBUG -DRELEASE -Dlinux  -c ../Externals/libtiff/tif_win32.c -o Release-lx/tif_win32.o -MD -MF Release-lx/tif_win32.dep
  gcc -ggdb -ffunction-sections -O0 -pthread  -I../rx_ink_lib -I../rx_common_lib -I../Externals/libtiff -I../Externals/mbedtls-1.3.10/include -DNDEBUG -DRELEASE -Dlinux  -c ../Externals/libtiff/tif_write.c -o Release-lx/tif_write.o -MD -MF Release-lx/tif_write.dep
  gcc -ggdb -ffunction-sections -O0 -pthread  -I../rx_ink_lib -I../rx_common_lib -I../Externals/libtiff -I../Externals/mbedtls-1.3.10/include -DNDEBUG -DRELEASE -Dlinux  -c rx_mem_tif.c -o Release-lx/rx_mem_tif.o -MD -MF Release-lx/rx_mem_tif.dep
  gcc -ggdb -ffunction-sections -O0 -pthread  -I../rx_ink_lib -I../rx_common_lib -I../Externals/libtiff -I../Externals/mbedtls-1.3.10/include -DNDEBUG -DRELEASE -Dlinux  -c rx_tif.c -o Release-lx/rx_tif.o -MD -MF Release-lx/rx_tif.dep
  ar -r Release-lx/rx_tif_lib.a Release-lx/tif_aux.o Release-lx/tif_close.o Release-lx/tif_codec.o Release-lx/tif_color.o Release-lx/tif_compress.o Release-lx/tif_dir.o Release-lx/tif_dirinfo.o Release-lx/tif_dirread.o Release-lx/tif_dirwrite.o Release-lx/tif_dumpmode.o Release-lx/tif_error.o Release-lx/tif_extension.o Release-lx/tif_fax3.o Release-lx/tif_fax3sm.o Release-lx/tif_flush.o Release-lx/tif_getimage.o Release-lx/tif_luv.o Release-lx/tif_lzw.o Release-lx/tif_next.o Release-lx/tif_open.o Release-lx/tif_packbits.o Release-lx/tif_predict.o Release-lx/tif_print.o Release-lx/tif_read.o Release-lx/tif_strip.o Release-lx/tif_swab.o Release-lx/tif_thunder.o Release-lx/tif_tile.o Release-lx/tif_unix.o Release-lx/tif_version.o Release-lx/tif_warning.o Release-lx/tif_win32.o Release-lx/tif_write.o Release-lx/rx_mem_tif.o Release-lx/rx_tif.o
  ar: creating Release-lx/rx_tif_lib.a
