  SOPC_KIT_NIOS2_15 F:\Tools\Bin\Altera\15.1\nios2eds
  _NIOS2EDS_ROOT "F:/Tools/Bin/Altera/15.1/nios2eds"
  qreg.exe
  qreg.exe --jtag
  Authorized application F:\Tools\Bin\Altera\15.1\quartus\bin64\jtagserver.exe is enabled in the firewall.
  building project: rx_fluid_nios in C:\Develop\PrintEngine\rx_fluid_nios
  === build NIOS BSP
  ]2;Altera Nios II EDS 15.1 [gcc4]INFO: Generating BSP files...
  INFO: nios2-bsp-generate-files --settings C:/Develop/PrintEngine/rx_fluid_nios/software/rx_fluid_nios_bsp/settings.bsp --bsp-dir C:/Develop/PrintEngine/rx_fluid_nios/software/rx_fluid_nios_bsp 
  INFO: Initializing BSP components...
  INFO: Finished initializing BSP components. Total time taken = 2 seconds
  INFO: Searching for BSP components with category: os_software_element
  INFO: Initializing SOPC project local software IP
  INFO: [Info] <b>C:/Develop/PrintEngine/rx_fluid_nios/*</b> matched 18 files in 0.23 seconds
  INFO: [Info] <b>C:/Develop/PrintEngine/rx_fluid_nios/*/*_sw.tcl</b> matched 0 files in 0.00 seconds
  INFO: [Info] <b>C:/Develop/PrintEngine/rx_fluid_nios/ip/**/*_sw.tcl</b> matched 1 files in 0.01 seconds
  INFO: [Info] <b>C:/Develop/PrintEngine/ip/**/*_sw.tcl</b> matched 0 files in 0.00 seconds
  INFO: Finished initializing SOPC project local software IP. Total time taken = 2 seconds
  INFO: Searching for BSP components with category: driver_element
  INFO: Searching for BSP components with category: software_package_element
EXEC : warning : Parameter value for: 'associatedAddressablePoint' is 'null'
  INFO: No memory regions found in BSP Settings File. Default memory regions generated. 
  INFO: Loading drivers from ensemble report. 
  INFO: Finished loading drivers from ensemble report.
  INFO: Generating BSP files in "C:\Develop\PrintEngine\rx_fluid_nios\software\rx_fluid_nios_bsp"
  INFO: Default memory regions will not be persisted in BSP Settings File.
  INFO: Generated file "C:\Develop\PrintEngine\rx_fluid_nios\software\rx_fluid_nios_bsp\settings.bsp"
  INFO: Generated file "C:\Develop\PrintEngine\rx_fluid_nios\software\rx_fluid_nios_bsp\summary.html"
  INFO: Generated file "C:\Develop\PrintEngine\rx_fluid_nios\software\rx_fluid_nios_bsp\public.mk"
  INFO: Generated file "C:\Develop\PrintEngine\rx_fluid_nios\software\rx_fluid_nios_bsp\Makefile"
  INFO: Generated file "C:\Develop\PrintEngine\rx_fluid_nios\software\rx_fluid_nios_bsp\mem_init.mk"
  INFO: Finished generating BSP files. Total time taken = 2 seconds
  INFO: BSP files generated in "C:\Develop\PrintEngine\rx_fluid_nios\software\rx_fluid_nios_bsp"
  === build NIOS
  ]2;Altera Nios II EDS 15.1 [gcc4]Opening 'RemoteSystemsTempFiles'.
  Opening 'rx_fluid_nios'.
  Opening 'rx_fluid_nios_bsp'.
  17:30:19 **** Clean-only build of configuration Nios II for project rx_fluid_nios ****
  make clean 
  [rx_fluid_nios clean complete]
  
  17:30:20 Build Finished (took 295ms)
  
  17:30:20 **** Build of configuration Nios II for project rx_fluid_nios ****
  make all 
  Info: Building ../rx_fluid_nios_bsp/
  F:/Tools/Bin/Altera/15.1/nios2eds/bin/gnu/H-x86_64-mingw32/bin/make --no-print-directory -C ../rx_fluid_nios_bsp/
  [BSP build complete]
  Info: Compiling AMC7891.c to obj/default/AMC7891.o
  nios2-elf-gcc -xc -MP -MMD -c -I../rx_fluid_nios_bsp//HAL/inc -I../rx_fluid_nios_bsp/ -I../rx_fluid_nios_bsp//drivers/inc  -pipe -D__hal__ -DALT_NO_C_PLUS_PLUS -DALT_NO_CLEAN_EXIT -D'exit(a)=_exit(a)' -DALT_NO_EXIT -DALT_USE_DIRECT_DRIVERS -DALT_NO_INSTRUCTION_EMULATION -DSMALL_C_LIB -DALT_SINGLE_THREADED  -DNIOS -DAVERAGE  -O0 -g -Wall   -mno-hw-div -mhw-mul -mno-hw-mulx  -o obj/default/AMC7891.o AMC7891.c
  Info: Compiling MAX31865.c to obj/default/MAX31865.o
  nios2-elf-gcc -xc -MP -MMD -c -I../rx_fluid_nios_bsp//HAL/inc -I../rx_fluid_nios_bsp/ -I../rx_fluid_nios_bsp//drivers/inc  -pipe -D__hal__ -DALT_NO_C_PLUS_PLUS -DALT_NO_CLEAN_EXIT -D'exit(a)=_exit(a)' -DALT_NO_EXIT -DALT_USE_DIRECT_DRIVERS -DALT_NO_INSTRUCTION_EMULATION -DSMALL_C_LIB -DALT_SINGLE_THREADED  -DNIOS -DAVERAGE  -O0 -g -Wall   -mno-hw-div -mhw-mul -mno-hw-mulx  -o obj/default/MAX31865.o MAX31865.c
  Info: Compiling adc_thermistor.c to obj/default/adc_thermistor.o
  nios2-elf-gcc -xc -MP -MMD -c -I../rx_fluid_nios_bsp//HAL/inc -I../rx_fluid_nios_bsp/ -I../rx_fluid_nios_bsp//drivers/inc  -pipe -D__hal__ -DALT_NO_C_PLUS_PLUS -DALT_NO_CLEAN_EXIT -D'exit(a)=_exit(a)' -DALT_NO_EXIT -DALT_USE_DIRECT_DRIVERS -DALT_NO_INSTRUCTION_EMULATION -DSMALL_C_LIB -DALT_SINGLE_THREADED  -DNIOS -DAVERAGE  -O0 -g -Wall   -mno-hw-div -mhw-mul -mno-hw-mulx  -o obj/default/adc_thermistor.o adc_thermistor.c
  Info: Compiling average.c to obj/default/average.o
  nios2-elf-gcc -xc -MP -MMD -c -I../rx_fluid_nios_bsp//HAL/inc -I../rx_fluid_nios_bsp/ -I../rx_fluid_nios_bsp//drivers/inc  -pipe -D__hal__ -DALT_NO_C_PLUS_PLUS -DALT_NO_CLEAN_EXIT -D'exit(a)=_exit(a)' -DALT_NO_EXIT -DALT_USE_DIRECT_DRIVERS -DALT_NO_INSTRUCTION_EMULATION -DSMALL_C_LIB -DALT_SINGLE_THREADED  -DNIOS -DAVERAGE  -O0 -g -Wall   -mno-hw-div -mhw-mul -mno-hw-mulx  -o obj/default/average.o average.c
  Info: Compiling comm.c to obj/default/comm.o
  nios2-elf-gcc -xc -MP -MMD -c -I../rx_fluid_nios_bsp//HAL/inc -I../rx_fluid_nios_bsp/ -I../rx_fluid_nios_bsp//drivers/inc  -pipe -D__hal__ -DALT_NO_C_PLUS_PLUS -DALT_NO_CLEAN_EXIT -D'exit(a)=_exit(a)' -DALT_NO_EXIT -DALT_USE_DIRECT_DRIVERS -DALT_NO_INSTRUCTION_EMULATION -DSMALL_C_LIB -DALT_SINGLE_THREADED  -DNIOS -DAVERAGE  -O0 -g -Wall   -mno-hw-div -mhw-mul -mno-hw-mulx  -o obj/default/comm.o comm.c
  Info: Compiling fifo.c to obj/default/fifo.o
  nios2-elf-gcc -xc -MP -MMD -c -I../rx_fluid_nios_bsp//HAL/inc -I../rx_fluid_nios_bsp/ -I../rx_fluid_nios_bsp//drivers/inc  -pipe -D__hal__ -DALT_NO_C_PLUS_PLUS -DALT_NO_CLEAN_EXIT -D'exit(a)=_exit(a)' -DALT_NO_EXIT -DALT_USE_DIRECT_DRIVERS -DALT_NO_INSTRUCTION_EMULATION -DSMALL_C_LIB -DALT_SINGLE_THREADED  -DNIOS -DAVERAGE  -O0 -g -Wall   -mno-hw-div -mhw-mul -mno-hw-mulx  -o obj/default/fifo.o fifo.c
  Info: Compiling heater.c to obj/default/heater.o
  nios2-elf-gcc -xc -MP -MMD -c -I../rx_fluid_nios_bsp//HAL/inc -I../rx_fluid_nios_bsp/ -I../rx_fluid_nios_bsp//drivers/inc  -pipe -D__hal__ -DALT_NO_C_PLUS_PLUS -DALT_NO_CLEAN_EXIT -D'exit(a)=_exit(a)' -DALT_NO_EXIT -DALT_USE_DIRECT_DRIVERS -DALT_NO_INSTRUCTION_EMULATION -DSMALL_C_LIB -DALT_SINGLE_THREADED  -DNIOS -DAVERAGE  -O0 -g -Wall   -mno-hw-div -mhw-mul -mno-hw-mulx  -o obj/default/heater.o heater.c
  Info: Compiling i2c.c to obj/default/i2c.o
  nios2-elf-gcc -xc -MP -MMD -c -I../rx_fluid_nios_bsp//HAL/inc -I../rx_fluid_nios_bsp/ -I../rx_fluid_nios_bsp//drivers/inc  -pipe -D__hal__ -DALT_NO_C_PLUS_PLUS -DALT_NO_CLEAN_EXIT -D'exit(a)=_exit(a)' -DALT_NO_EXIT -DALT_USE_DIRECT_DRIVERS -DALT_NO_INSTRUCTION_EMULATION -DSMALL_C_LIB -DALT_SINGLE_THREADED  -DNIOS -DAVERAGE  -O0 -g -Wall   -mno-hw-div -mhw-mul -mno-hw-mulx  -o obj/default/i2c.o i2c.c
  Info: Compiling ink_ctrl.c to obj/default/ink_ctrl.o
  nios2-elf-gcc -xc -MP -MMD -c -I../rx_fluid_nios_bsp//HAL/inc -I../rx_fluid_nios_bsp/ -I../rx_fluid_nios_bsp//drivers/inc  -pipe -D__hal__ -DALT_NO_C_PLUS_PLUS -DALT_NO_CLEAN_EXIT -D'exit(a)=_exit(a)' -DALT_NO_EXIT -DALT_USE_DIRECT_DRIVERS -DALT_NO_INSTRUCTION_EMULATION -DSMALL_C_LIB -DALT_SINGLE_THREADED  -DNIOS -DAVERAGE  -O0 -g -Wall   -mno-hw-div -mhw-mul -mno-hw-mulx  -o obj/default/ink_ctrl.o ink_ctrl.c
  Info: Compiling log.c to obj/default/log.o
  nios2-elf-gcc -xc -MP -MMD -c -I../rx_fluid_nios_bsp//HAL/inc -I../rx_fluid_nios_bsp/ -I../rx_fluid_nios_bsp//drivers/inc  -pipe -D__hal__ -DALT_NO_C_PLUS_PLUS -DALT_NO_CLEAN_EXIT -D'exit(a)=_exit(a)' -DALT_NO_EXIT -DALT_USE_DIRECT_DRIVERS -DALT_NO_INSTRUCTION_EMULATION -DSMALL_C_LIB -DALT_SINGLE_THREADED  -DNIOS -DAVERAGE  -O0 -g -Wall   -mno-hw-div -mhw-mul -mno-hw-mulx  -o obj/default/log.o log.c
  Info: Compiling main.c to obj/default/main.o
  nios2-elf-gcc -xc -MP -MMD -c -I../rx_fluid_nios_bsp//HAL/inc -I../rx_fluid_nios_bsp/ -I../rx_fluid_nios_bsp//drivers/inc  -pipe -D__hal__ -DALT_NO_C_PLUS_PLUS -DALT_NO_CLEAN_EXIT -D'exit(a)=_exit(a)' -DALT_NO_EXIT -DALT_USE_DIRECT_DRIVERS -DALT_NO_INSTRUCTION_EMULATION -DSMALL_C_LIB -DALT_SINGLE_THREADED  -DNIOS -DAVERAGE  -O0 -g -Wall   -mno-hw-div -mhw-mul -mno-hw-mulx  -o obj/default/main.o main.c
  Info: Compiling pid.c to obj/default/pid.o
  nios2-elf-gcc -xc -MP -MMD -c -I../rx_fluid_nios_bsp//HAL/inc -I../rx_fluid_nios_bsp/ -I../rx_fluid_nios_bsp//drivers/inc  -pipe -D__hal__ -DALT_NO_C_PLUS_PLUS -DALT_NO_CLEAN_EXIT -D'exit(a)=_exit(a)' -DALT_NO_EXIT -DALT_USE_DIRECT_DRIVERS -DALT_NO_INSTRUCTION_EMULATION -DSMALL_C_LIB -DALT_SINGLE_THREADED  -DNIOS -DAVERAGE  -O0 -g -Wall   -mno-hw-div -mhw-mul -mno-hw-mulx  -o obj/default/pid.o pid.c
  Info: Compiling pres.c to obj/default/pres.o
  nios2-elf-gcc -xc -MP -MMD -c -I../rx_fluid_nios_bsp//HAL/inc -I../rx_fluid_nios_bsp/ -I../rx_fluid_nios_bsp//drivers/inc  -pipe -D__hal__ -DALT_NO_C_PLUS_PLUS -DALT_NO_CLEAN_EXIT -D'exit(a)=_exit(a)' -DALT_NO_EXIT -DALT_USE_DIRECT_DRIVERS -DALT_NO_INSTRUCTION_EMULATION -DSMALL_C_LIB -DALT_SINGLE_THREADED  -DNIOS -DAVERAGE  -O0 -g -Wall   -mno-hw-div -mhw-mul -mno-hw-mulx  -o obj/default/pres.o pres.c
  Info: Compiling timer.c to obj/default/timer.o
  nios2-elf-gcc -xc -MP -MMD -c -I../rx_fluid_nios_bsp//HAL/inc -I../rx_fluid_nios_bsp/ -I../rx_fluid_nios_bsp//drivers/inc  -pipe -D__hal__ -DALT_NO_C_PLUS_PLUS -DALT_NO_CLEAN_EXIT -D'exit(a)=_exit(a)' -DALT_NO_EXIT -DALT_USE_DIRECT_DRIVERS -DALT_NO_INSTRUCTION_EMULATION -DSMALL_C_LIB -DALT_SINGLE_THREADED  -DNIOS -DAVERAGE  -O0 -g -Wall   -mno-hw-div -mhw-mul -mno-hw-mulx  -o obj/default/timer.o timer.c
  Info: Compiling trprintf.c to obj/default/trprintf.o
  nios2-elf-gcc -xc -MP -MMD -c -I../rx_fluid_nios_bsp//HAL/inc -I../rx_fluid_nios_bsp/ -I../rx_fluid_nios_bsp//drivers/inc  -pipe -D__hal__ -DALT_NO_C_PLUS_PLUS -DALT_NO_CLEAN_EXIT -D'exit(a)=_exit(a)' -DALT_NO_EXIT -DALT_USE_DIRECT_DRIVERS -DALT_NO_INSTRUCTION_EMULATION -DSMALL_C_LIB -DALT_SINGLE_THREADED  -DNIOS -DAVERAGE  -O0 -g -Wall   -mno-hw-div -mhw-mul -mno-hw-mulx  -o obj/default/trprintf.o trprintf.c
  Info: Compiling version.c to obj/default/version.o
  nios2-elf-gcc -xc -MP -MMD -c -I../rx_fluid_nios_bsp//HAL/inc -I../rx_fluid_nios_bsp/ -I../rx_fluid_nios_bsp//drivers/inc  -pipe -D__hal__ -DALT_NO_C_PLUS_PLUS -DALT_NO_CLEAN_EXIT -D'exit(a)=_exit(a)' -DALT_NO_EXIT -DALT_USE_DIRECT_DRIVERS -DALT_NO_INSTRUCTION_EMULATION -DSMALL_C_LIB -DALT_SINGLE_THREADED  -DNIOS -DAVERAGE  -O0 -g -Wall   -mno-hw-div -mhw-mul -mno-hw-mulx  -o obj/default/version.o version.c
  Info: Linking rx_fluid_nios.elf
  nios2-elf-g++  -T'../rx_fluid_nios_bsp//linker.x' -msys-crt0='../rx_fluid_nios_bsp//obj/HAL/src/crt0.o' -msys-lib=hal_bsp -L../rx_fluid_nios_bsp/  -msmallc  -Wl,-Map=rx_fluid_nios.map -DNIOS -DAVERAGE  -O0 -g -Wall   -mno-hw-div -mhw-mul -mno-hw-mulx  -o rx_fluid_nios.elf obj/default/AMC7891.o obj/default/MAX31865.o obj/default/adc_thermistor.o obj/default/average.o obj/default/comm.o obj/default/fifo.o obj/default/heater.o obj/default/i2c.o obj/default/ink_ctrl.o obj/default/log.o obj/default/main.o obj/default/pid.o obj/default/pres.o obj/default/timer.o obj/default/trprintf.o obj/default/version.o -lm -msys-lib=m
  nios2-elf-insert rx_fluid_nios.elf --thread_model hal --cpu_name nios2_qsys_0 --qsys true --simulation_enabled false --id 6 --sidp 0x8 --timestamp 1535028175 --stderr_dev jtag_uart --stdin_dev jtag_uart --stdout_dev jtag_uart --sopc_system_name fluid_board_soc --quartus_project_dir "C:/Develop/PrintEngine/rx_fluid_nios" --sopcinfo C:/Develop/PrintEngine/rx_fluid_nios/software/rx_fluid_nios_bsp/../../fluid_board_soc.sopcinfo
  Info: (rx_fluid_nios.elf) 49 KBytes program size (code + initialized data).
  Info:                     9948 Bytes free for stack + heap.
  Info: Creating rx_fluid_nios.objdump
  nios2-elf-objdump --disassemble --syms --all-header --source rx_fluid_nios.elf >rx_fluid_nios.objdump
  [rx_fluid_nios build complete]
  
  17:30:23 Build Finished (took 3s.463ms)
  
  === mem_init_generate
  ]2;Altera Nios II EDS 15.1 [gcc4]/cygdrive/c/Develop/PrintEngine/rx_fluid_nios/software/rx_fluid_nios
  Info: Building ../rx_fluid_nios_bsp/
  F:/Tools/Bin/Altera/15.1/nios2eds/bin/gnu/H-x86_64-mingw32/bin/make --no-print-directory -C ../rx_fluid_nios_bsp/
  [BSP build complete]
  Post-processing to create mem_init/fluid_board_soc_onchip_memory_nios_arm.hex...
  elf2hex rx_fluid_nios.elf 0x00050000 0x00057fff --width=16 --little-endian-mem --create-lanes=0 mem_init/fluid_board_soc_onchip_memory_nios_arm.hex
  Post-processing to create mem_init/fluid_board_soc_onchip_memory_nios_cpu.hex...
  elf2hex rx_fluid_nios.elf 0x00010000 0x0001ffff --width=32 --little-endian-mem --create-lanes=0 mem_init/fluid_board_soc_onchip_memory_nios_cpu.hex
  Post-processing to create mem_init/hdl_sim/fluid_board_soc_onchip_memory_nios_arm.dat...
  elf2dat --infile=rx_fluid_nios.elf --outfile=mem_init/hdl_sim/fluid_board_soc_onchip_memory_nios_arm.dat \
  		--base=0x00050000 --end=0x00057fff --width=16 \
  		--little-endian-mem --create-lanes=0 
  Post-processing to create mem_init/hdl_sim/fluid_board_soc_onchip_memory_nios_cpu.dat...
  elf2dat --infile=rx_fluid_nios.elf --outfile=mem_init/hdl_sim/fluid_board_soc_onchip_memory_nios_cpu.dat \
  		--base=0x00010000 --end=0x0001ffff --width=32 \
  		--little-endian-mem --create-lanes=0 
  Post-processing to create mem_init/hdl_sim/fluid_board_soc_onchip_memory_nios_arm.sym...
  nios2-elf-nm -n rx_fluid_nios.elf > mem_init/hdl_sim/fluid_board_soc_onchip_memory_nios_arm.sym
  Post-processing to create mem_init/hdl_sim/fluid_board_soc_onchip_memory_nios_cpu.sym...
  nios2-elf-nm -n rx_fluid_nios.elf > mem_init/hdl_sim/fluid_board_soc_onchip_memory_nios_cpu.sym
