  VisualGDB: Executing pre-build actions
  VisualGDB: Run "C:\Develop\PrintEngine\rx_head_ctrl\..\VersionUpdate.exe C:\Develop\PrintEngine\rx_head_ctrl\version.c" in directory "" on local computer
  update >>C:\Develop\PrintEngine\rx_head_ctrl\version.c<<
  txt file >>C:\Develop\PrintEngine\rx_head_ctrl\version.txt<<
  VisualGDB: Run "cmd.exe /c "C:\Program Files (x86)\Sysprogs\VisualGDB\make.exe" CONFIG=Release-soc" in directory "C:\Develop\PrintEngine\rx_head_ctrl" on local machine
  F:/Compiler/altera/13.1/DS-5/bin/arm-linux-gnueabihf-gcc.exe -ggdb -ffunction-sections -O0 -pthread -lrt  -I../rx_common_lib -I../rx_ink_lib -I../rx_tif_lib -I../Externals/TinyXML -I../Externals/libtiff -DNDEBUG -DRELEASE -Dlinux -Dsoc  -c ../rx_ink_lib/comm.c -o Release-soc/comm.o -MD -MF Release-soc/comm.dep
  F:/Compiler/altera/13.1/DS-5/bin/arm-linux-gnueabihf-gcc.exe -ggdb -ffunction-sections -O0 -pthread -lrt  -I../rx_common_lib -I../rx_ink_lib -I../rx_tif_lib -I../Externals/TinyXML -I../Externals/libtiff -DNDEBUG -DRELEASE -Dlinux -Dsoc  -c ../rx_ink_lib/fifo.c -o Release-soc/fifo.o -MD -MF Release-soc/fifo.dep
  F:/Compiler/altera/13.1/DS-5/bin/arm-linux-gnueabihf-gcc.exe -ggdb -ffunction-sections -O0 -pthread -lrt  -I../rx_common_lib -I../rx_ink_lib -I../rx_tif_lib -I../Externals/TinyXML -I../Externals/libtiff -DNDEBUG -DRELEASE -Dlinux -Dsoc  -c ../rx_ink_lib/nios_def_head.c -o Release-soc/nios_def_head.o -MD -MF Release-soc/nios_def_head.dep
  F:/Compiler/altera/13.1/DS-5/bin/arm-linux-gnueabihf-gcc.exe -ggdb -ffunction-sections -O0 -pthread -lrt  -I../rx_common_lib -I../rx_ink_lib -I../rx_tif_lib -I../Externals/TinyXML -I../Externals/libtiff -DNDEBUG -DRELEASE -Dlinux -Dsoc  -c ../rx_ink_lib/rx_ink_common.c -o Release-soc/rx_ink_common.o -MD -MF Release-soc/rx_ink_common.dep
  F:/Compiler/altera/13.1/DS-5/bin/arm-linux-gnueabihf-gcc.exe -ggdb -ffunction-sections -O0 -pthread -lrt  -I../rx_common_lib -I../rx_ink_lib -I../rx_tif_lib -I../Externals/TinyXML -I../Externals/libtiff -DNDEBUG -DRELEASE -Dlinux -Dsoc  -c args.c -o Release-soc/args.o -MD -MF Release-soc/args.dep
  F:/Compiler/altera/13.1/DS-5/bin/arm-linux-gnueabihf-gcc.exe -ggdb -ffunction-sections -O0 -pthread -lrt  -I../rx_common_lib -I../rx_ink_lib -I../rx_tif_lib -I../Externals/TinyXML -I../Externals/libtiff -DNDEBUG -DRELEASE -Dlinux -Dsoc  -c conditioner.c -o Release-soc/conditioner.o -MD -MF Release-soc/conditioner.dep
  F:/Compiler/altera/13.1/DS-5/bin/arm-linux-gnueabihf-gcc.exe -ggdb -ffunction-sections -O0 -pthread -lrt  -I../rx_common_lib -I../rx_ink_lib -I../rx_tif_lib -I../Externals/TinyXML -I../Externals/libtiff -DNDEBUG -DRELEASE -Dlinux -Dsoc  -c crc_calc.c -o Release-soc/crc_calc.o -MD -MF Release-soc/crc_calc.dep
  F:/Compiler/altera/13.1/DS-5/bin/arm-linux-gnueabihf-gcc.exe -ggdb -ffunction-sections -O0 -pthread -lrt  -I../rx_common_lib -I../rx_ink_lib -I../rx_tif_lib -I../Externals/TinyXML -I../Externals/libtiff -DNDEBUG -DRELEASE -Dlinux -Dsoc  -c EEprom.c -o Release-soc/EEprom.o -MD -MF Release-soc/EEprom.dep
  F:/Compiler/altera/13.1/DS-5/bin/arm-linux-gnueabihf-gcc.exe -ggdb -ffunction-sections -O0 -pthread -lrt  -I../rx_common_lib -I../rx_ink_lib -I../rx_tif_lib -I../Externals/TinyXML -I../Externals/libtiff -DNDEBUG -DRELEASE -Dlinux -Dsoc  -c firepulse.c -o Release-soc/firepulse.o -MD -MF Release-soc/firepulse.dep
  F:/Compiler/altera/13.1/DS-5/bin/arm-linux-gnueabihf-gcc.exe -ggdb -ffunction-sections -O0 -pthread -lrt  -I../rx_common_lib -I../rx_ink_lib -I../rx_tif_lib -I../Externals/TinyXML -I../Externals/libtiff -DNDEBUG -DRELEASE -Dlinux -Dsoc  -c fpga.c -o Release-soc/fpga.o -MD -MF Release-soc/fpga.dep
  F:/Compiler/altera/13.1/DS-5/bin/arm-linux-gnueabihf-gcc.exe -ggdb -ffunction-sections -O0 -pthread -lrt  -I../rx_common_lib -I../rx_ink_lib -I../rx_tif_lib -I../Externals/TinyXML -I../Externals/libtiff -DNDEBUG -DRELEASE -Dlinux -Dsoc  -c head_ctrl.c -o Release-soc/head_ctrl.o -MD -MF Release-soc/head_ctrl.dep
  F:/Compiler/altera/13.1/DS-5/bin/arm-linux-gnueabihf-gcc.exe -ggdb -ffunction-sections -O0 -pthread -lrt  -I../rx_common_lib -I../rx_ink_lib -I../rx_tif_lib -I../Externals/TinyXML -I../Externals/libtiff -DNDEBUG -DRELEASE -Dlinux -Dsoc  -c mem_test.c -o Release-soc/mem_test.o -MD -MF Release-soc/mem_test.dep
  F:/Compiler/altera/13.1/DS-5/bin/arm-linux-gnueabihf-gcc.exe -ggdb -ffunction-sections -O0 -pthread -lrt  -I../rx_common_lib -I../rx_ink_lib -I../rx_tif_lib -I../Externals/TinyXML -I../Externals/libtiff -DNDEBUG -DRELEASE -Dlinux -Dsoc  -c nios.c -o Release-soc/nios.o -MD -MF Release-soc/nios.dep
  F:/Compiler/altera/13.1/DS-5/bin/arm-linux-gnueabihf-gcc.exe -ggdb -ffunction-sections -O0 -pthread -lrt  -I../rx_common_lib -I../rx_ink_lib -I../rx_tif_lib -I../Externals/TinyXML -I../Externals/libtiff -DNDEBUG -DRELEASE -Dlinux -Dsoc  -c putty.c -o Release-soc/putty.o -MD -MF Release-soc/putty.dep
  F:/Compiler/altera/13.1/DS-5/bin/arm-linux-gnueabihf-gcc.exe -ggdb -ffunction-sections -O0 -pthread -lrt  -I../rx_common_lib -I../rx_ink_lib -I../rx_tif_lib -I../Externals/TinyXML -I../Externals/libtiff -DNDEBUG -DRELEASE -Dlinux -Dsoc  -c rx_head_ctrl.c -o Release-soc/rx_head_ctrl.o -MD -MF Release-soc/rx_head_ctrl.dep
  F:/Compiler/altera/13.1/DS-5/bin/arm-linux-gnueabihf-gcc.exe -ggdb -ffunction-sections -O0 -pthread -lrt  -I../rx_common_lib -I../rx_ink_lib -I../rx_tif_lib -I../Externals/TinyXML -I../Externals/libtiff -DNDEBUG -DRELEASE -Dlinux -Dsoc  -c tse.c -o Release-soc/tse.o -MD -MF Release-soc/tse.dep
  F:/Compiler/altera/13.1/DS-5/bin/arm-linux-gnueabihf-gcc.exe -ggdb -ffunction-sections -O0 -pthread -lrt  -I../rx_common_lib -I../rx_ink_lib -I../rx_tif_lib -I../Externals/TinyXML -I../Externals/libtiff -DNDEBUG -DRELEASE -Dlinux -Dsoc  -c udp_test.c -o Release-soc/udp_test.o -MD -MF Release-soc/udp_test.dep
  F:/Compiler/altera/13.1/DS-5/bin/arm-linux-gnueabihf-gcc.exe -ggdb -ffunction-sections -O0 -pthread -lrt  -I../rx_common_lib -I../rx_ink_lib -I../rx_tif_lib -I../Externals/TinyXML -I../Externals/libtiff -DNDEBUG -DRELEASE -Dlinux -Dsoc  -c version.c -o Release-soc/version.o -MD -MF Release-soc/version.dep
  F:/Compiler/altera/13.1/DS-5/bin/arm-linux-gnueabihf-g++.exe -o Release-soc/rx_head_ctrl -Wl,-gc-sections -pthread -lrt    -Wl,--start-group Release-soc/comm.o Release-soc/fifo.o Release-soc/nios_def_head.o Release-soc/rx_ink_common.o Release-soc/args.o Release-soc/conditioner.o Release-soc/crc_calc.o Release-soc/EEprom.o Release-soc/firepulse.o Release-soc/fpga.o Release-soc/head_ctrl.o Release-soc/mem_test.o Release-soc/nios.o Release-soc/putty.o Release-soc/rx_head_ctrl.o Release-soc/tse.o Release-soc/udp_test.o Release-soc/version.o  ../rx_common_lib/Release-soc/rx_common_lib.a ../rx_tif_lib/Release-soc/rx_tif_lib.a ../Externals/TinyXML/Release-soc/TinyXML.a -Wl,--rpath='$ORIGIN' -Wl,--rpath='$ORIGIN/../../rx_common_lib/Release-soc/' -Wl,--rpath='$ORIGIN/../../rx_tif_lib/Release-soc/' -Wl,--rpath='$ORIGIN/../../Externals/TinyXML/Release-soc/'  -Wl,--end-group
  VisualGDB: Executing post-build actions
  VisualGDB: Copy file C:\Develop\PrintEngine\rx_head_ctrl/Release-soc/rx_head_ctrl on local computer to C:\Develop\PrintEngine\rx_head_ctrl\..\bin\head\rx_head_ctrl on local computer
  VisualGDB: Copy file C:\Develop\PrintEngine\rx_head_ctrl\fpga_config_regs_unrolled.csv on local computer to C:\Develop\PrintEngine\rx_head_ctrl\..\bin\head\fpga_config_regs_unrolled.csv on local computer
  VisualGDB: Skipping disabled action: Copy file $(TargetPath) on local computer to d:\Radex\bin\head\$(TargetFileName) on local computer
  VisualGDB: Skipping disabled action: Run "cmd.exe /C copy /Y $(LocalSourceDir)\bin\* d:\radex\bin\head\" in directory "" on local computer
