  VisualGDB: Executing pre-sync actions
  VisualGDB: Skipping disabled action: Run "C:\Windows\System32\cmd.exe /C del $(ProjectDir)\..\bin\spooler\rx_spooler*" in directory "" on local computer
  VisualGDB: C:\Develop\PrintEngine\rx_spooler_ctrl => /tmp/VisualGDB/c/Develop/PrintEngine/rx_spooler_ctrl: 33 files copied (244KB).
  VisualGDB: Executing pre-build actions
  VisualGDB: Run "C:\Develop\PrintEngine\rx_spooler_ctrl\..\VersionUpdate.exe C:\Develop\PrintEngine\rx_spooler_ctrl\version.c" in directory "" on local computer
  update >>C:\Develop\PrintEngine\rx_spooler_ctrl\version.c<<
  txt file >>C:\Develop\PrintEngine\rx_spooler_ctrl\version.txt<<
  VisualGDB: Run "make CONFIG=Release-lx" in directory "/tmp/VisualGDB/c/Develop/PrintEngine/rx_spooler_ctrl" on root@localhost:2222 (SSH)
  mkdir Release-lx
  gcc -ggdb -ffunction-sections -O3 -pthread  -I../rx_ink_lib -I../rx_common_lib -I../rx_rip_lib -I../rx_tif_lib -I../Externals/Tec-it/Linux/Tec-it-11/include/libtbarcode11 -I../Externals/libtiff -DNDEBUG -DRELEASE -Dlinux  -c args.c -o Release-lx/args.o -MD -MF Release-lx/args.dep
  gcc -ggdb -ffunction-sections -O3 -pthread  -I../rx_ink_lib -I../rx_common_lib -I../rx_rip_lib -I../rx_tif_lib -I../Externals/Tec-it/Linux/Tec-it-11/include/libtbarcode11 -I../Externals/libtiff -DNDEBUG -DRELEASE -Dlinux  -c ctrl_client.c -o Release-lx/ctrl_client.o -MD -MF Release-lx/ctrl_client.dep
  gcc -ggdb -ffunction-sections -O3 -pthread  -I../rx_ink_lib -I../rx_common_lib -I../rx_rip_lib -I../rx_tif_lib -I../Externals/Tec-it/Linux/Tec-it-11/include/libtbarcode11 -I../Externals/libtiff -DNDEBUG -DRELEASE -Dlinux  -c data.c -o Release-lx/data.o -MD -MF Release-lx/data.dep
  gcc -ggdb -ffunction-sections -O3 -pthread  -I../rx_ink_lib -I../rx_common_lib -I../rx_rip_lib -I../rx_tif_lib -I../Externals/Tec-it/Linux/Tec-it-11/include/libtbarcode11 -I../Externals/libtiff -DNDEBUG -DRELEASE -Dlinux  -c head_client.c -o Release-lx/head_client.o -MD -MF Release-lx/head_client.dep
  gcc -ggdb -ffunction-sections -O3 -pthread  -I../rx_ink_lib -I../rx_common_lib -I../rx_rip_lib -I../rx_tif_lib -I../Externals/Tec-it/Linux/Tec-it-11/include/libtbarcode11 -I../Externals/libtiff -DNDEBUG -DRELEASE -Dlinux  -c jet_correction.c -o Release-lx/jet_correction.o -MD -MF Release-lx/jet_correction.dep
  gcc -ggdb -ffunction-sections -O3 -pthread  -I../rx_ink_lib -I../rx_common_lib -I../rx_rip_lib -I../rx_tif_lib -I../Externals/Tec-it/Linux/Tec-it-11/include/libtbarcode11 -I../Externals/libtiff -DNDEBUG -DRELEASE -Dlinux  -c rx_flz.c -o Release-lx/rx_flz.o -MD -MF Release-lx/rx_flz.dep
  gcc -ggdb -ffunction-sections -O3 -pthread  -I../rx_ink_lib -I../rx_common_lib -I../rx_rip_lib -I../rx_tif_lib -I../Externals/Tec-it/Linux/Tec-it-11/include/libtbarcode11 -I../Externals/libtiff -DNDEBUG -DRELEASE -Dlinux  -c rx_spooler_ctrl.c -o Release-lx/rx_spooler_ctrl.o -MD -MF Release-lx/rx_spooler_ctrl.dep
  gcc -ggdb -ffunction-sections -O3 -pthread  -I../rx_ink_lib -I../rx_common_lib -I../rx_rip_lib -I../rx_tif_lib -I../Externals/Tec-it/Linux/Tec-it-11/include/libtbarcode11 -I../Externals/libtiff -DNDEBUG -DRELEASE -Dlinux  -c spool_rip.c -o Release-lx/spool_rip.o -MD -MF Release-lx/spool_rip.dep
  g++ -ggdb -ffunction-sections -O3 -pthread  -I../rx_ink_lib -I../rx_common_lib -I../rx_rip_lib -I../rx_tif_lib -I../Externals/Tec-it/Linux/Tec-it-11/include/libtbarcode11 -I../Externals/libtiff -DNDEBUG -DRELEASE -Dlinux  -c rs_tec-it.cpp -o Release-lx/rs_tec-it.o -MD -MF Release-lx/rs_tec-it.dep
  gcc -ggdb -ffunction-sections -O3 -pthread  -I../rx_ink_lib -I../rx_common_lib -I../rx_rip_lib -I../rx_tif_lib -I../Externals/Tec-it/Linux/Tec-it-11/include/libtbarcode11 -I../Externals/libtiff -DNDEBUG -DRELEASE -Dlinux  -c test.c -o Release-lx/test.o -MD -MF Release-lx/test.dep
  gcc -ggdb -ffunction-sections -O3 -pthread  -I../rx_ink_lib -I../rx_common_lib -I../rx_rip_lib -I../rx_tif_lib -I../Externals/Tec-it/Linux/Tec-it-11/include/libtbarcode11 -I../Externals/libtiff -DNDEBUG -DRELEASE -Dlinux  -c version.c -o Release-lx/version.o -MD -MF Release-lx/version.dep
  g++ -o Release-lx/rx_spooler_ctrl -Wl,-gc-sections -pthread   -L/usr/local/lib -Wl,--start-group Release-lx/args.o Release-lx/ctrl_client.o Release-lx/data.o Release-lx/head_client.o Release-lx/jet_correction.o Release-lx/rx_flz.o Release-lx/rx_spooler_ctrl.o Release-lx/spool_rip.o Release-lx/rs_tec-it.o Release-lx/test.o Release-lx/version.o -ltbarcode11 ../rx_common_lib/Release-lx/rx_common_lib.a ../rx_tif_lib/Release-lx/rx_tif_lib.a ../rx_rip_lib/Release-lx/rx_rip_lib.a ../Externals/TinyXML/Release-lx/TinyXML.a -Wl,--rpath='$ORIGIN' -Wl,--rpath='$ORIGIN/../../rx_common_lib/Release-lx/' -Wl,--rpath='$ORIGIN/../../rx_tif_lib/Release-lx/' -Wl,--rpath='$ORIGIN/../../rx_rip_lib/Release-lx/' -Wl,--rpath='$ORIGIN/../../Externals/TinyXML/Release-lx/'  -Wl,--end-group
  VisualGDB: Executing post-build actions
  VisualGDB: Copy file C:\Develop\PrintEngine\rx_spooler_ctrl\..\Externals\Tec-it\Linux\Tec-it-11\lib\libtbarcode11.so.0 on local computer to C:\Develop\PrintEngine\rx_spooler_ctrl\..\bin\spooler\libtbarcode11.so.0 on local computer
  VisualGDB: Copy file /tmp/VisualGDB/c/Develop/PrintEngine/rx_spooler_ctrl/Release-lx/rx_spooler_ctrl on localhost:2222 to C:\Develop\PrintEngine\rx_spooler_ctrl\..\bin\spooler\rx_spooler_ctrl on local computer
