  VisualGDB: C:\Develop\PrintEngine\rx_rip_lib => /tmp/VisualGDB/c/Develop/PrintEngine/rx_rip_lib: 31 files copied (234KB).
  VisualGDB: Executing pre-build actions
  VisualGDB: Transfer files from /tmp/VisualGDB/c/Develop/PrintEngine/rx_rip_lib/../Externals/FreeType on localhost:2222 to C:\Develop\PrintEngine\rx_rip_lib/../Externals/FreeType
EXEC : warning : Stderr line received 'tar: include/config/PaxHeaders.3012: Zeitstempel 2020-01-23 18:27:25 liegt 3599.2224694 Sekunden in der Zukunft.'
EXEC : warning : Stderr line received 'tar: include/config: Zeitstempel 2020-01-23 18:27:25 liegt 3599.2214378 Sekunden in der Zukunft.'
EXEC : warning : Stderr line received 'tar: include/internal/PaxHeaders.3012: Zeitstempel 2020-01-23 18:27:25 liegt 3598.7844096 Sekunden in der Zukunft.'
EXEC : warning : Stderr line received 'tar: include/internal/services/PaxHeaders.3012: Zeitstempel 2020-01-23 18:27:25 liegt 3598.6954316 Sekunden in der Zukunft.'
EXEC : warning : Stderr line received 'tar: include/internal/services: Zeitstempel 2020-01-23 18:27:25 liegt 3598.6175016 Sekunden in der Zukunft.'
EXEC : warning : Stderr line received 'tar: include/internal: Zeitstempel 2020-01-23 18:27:25 liegt 3598.5998175 Sekunden in der Zukunft.'
EXEC : warning : Stderr line received 'tar: include: Zeitstempel 2020-01-23 18:27:25 liegt 3598.5690355 Sekunden in der Zukunft.'
EXEC : warning : Stderr line received 'tar: src/base: Zeitstempel 2020-01-23 18:27:25 liegt 3598.4388434 Sekunden in der Zukunft.'
EXEC : warning : Stderr line received 'tar: src/gzip: Zeitstempel 2020-01-23 18:27:25 liegt 3598.3545341 Sekunden in der Zukunft.'
EXEC : warning : Stderr line received 'tar: src/raster: Zeitstempel 2020-01-23 18:27:25 liegt 3598.3210681 Sekunden in der Zukunft.'
EXEC : warning : Stderr line received 'tar: src/sfnt: Zeitstempel 2020-01-23 18:27:25 liegt 3598.1862849 Sekunden in der Zukunft.'
EXEC : warning : Stderr line received 'tar: src/TrueType: Zeitstempel 2020-01-23 18:27:25 liegt 3598.0889331 Sekunden in der Zukunft.'
EXEC : warning : Stderr line received 'tar: src: Zeitstempel 2020-01-23 18:27:25 liegt 3598.0888543 Sekunden in der Zukunft.'
  VisualGDB: 218 files copied (3305KB).
  VisualGDB: Transfer files from /tmp/VisualGDB/c/Develop/PrintEngine/rx_rip_lib/../Externals/Tec-it/Linux on localhost:2222 to C:\Develop\PrintEngine\rx_rip_lib/../Externals/Tec-it/Linux
EXEC : warning : Stderr line received 'tar: Tec-it-11/include/libtbarcode11/TECITStd: Zeitstempel 2020-01-23 18:27:27 liegt 3599.8930837 Sekunden in der Zukunft.'
EXEC : warning : Stderr line received 'tar: Tec-it-11/include/libtbarcode11: Zeitstempel 2020-01-23 18:27:27 liegt 3599.8922166 Sekunden in der Zukunft.'
EXEC : warning : Stderr line received 'tar: Tec-it-11/include: Zeitstempel 2020-01-23 18:27:27 liegt 3599.8921752 Sekunden in der Zukunft.'
EXEC : warning : Stderr line received 'tar: Tec-it-11: Zeitstempel 2020-01-23 18:27:27 liegt 3599.8921293 Sekunden in der Zukunft.'
  VisualGDB: 7 files copied (643KB).
  VisualGDB: Run "make CONFIG=Release-lx" in directory "/tmp/VisualGDB/c/Develop/PrintEngine/rx_rip_lib" on root@localhost:2222 (SSH)
  mkdir Release-lx
  gcc -ggdb -ffunction-sections -O0 -pthread  -I../rx_ink_lib -I../rx_common_lib -I../Externals/FreeType/include -I../Externals/TinyXML -I../Externals/Tec-it/Linux/Tec-it-11/include/libtbarcode11 -DRELEASE -DNDEBUG -Dlinux  -c ../Externals/FreeType/src/base/ftbitmap.c -o Release-lx/ftbitmap.o -MD -MF Release-lx/ftbitmap.dep
  gcc -ggdb -ffunction-sections -O0 -pthread  -I../rx_ink_lib -I../rx_common_lib -I../Externals/FreeType/include -I../Externals/TinyXML -I../Externals/Tec-it/Linux/Tec-it-11/include/libtbarcode11 -DRELEASE -DNDEBUG -Dlinux  -c ../Externals/FreeType/src/base/ftcalc.c -o Release-lx/ftcalc.o -MD -MF Release-lx/ftcalc.dep
  gcc -ggdb -ffunction-sections -O0 -pthread  -I../rx_ink_lib -I../rx_common_lib -I../Externals/FreeType/include -I../Externals/TinyXML -I../Externals/Tec-it/Linux/Tec-it-11/include/libtbarcode11 -DRELEASE -DNDEBUG -Dlinux  -c ../Externals/FreeType/src/base/ftgloadr.c -o Release-lx/ftgloadr.o -MD -MF Release-lx/ftgloadr.dep
  gcc -ggdb -ffunction-sections -O0 -pthread  -I../rx_ink_lib -I../rx_common_lib -I../Externals/FreeType/include -I../Externals/TinyXML -I../Externals/Tec-it/Linux/Tec-it-11/include/libtbarcode11 -DRELEASE -DNDEBUG -Dlinux  -c ../Externals/FreeType/src/base/ftglyph.c -o Release-lx/ftglyph.o -MD -MF Release-lx/ftglyph.dep
  gcc -ggdb -ffunction-sections -O0 -pthread  -I../rx_ink_lib -I../rx_common_lib -I../Externals/FreeType/include -I../Externals/TinyXML -I../Externals/Tec-it/Linux/Tec-it-11/include/libtbarcode11 -DRELEASE -DNDEBUG -Dlinux  -c ../Externals/FreeType/src/base/ftinit.c -o Release-lx/ftinit.o -MD -MF Release-lx/ftinit.dep
  gcc -ggdb -ffunction-sections -O0 -pthread  -I../rx_ink_lib -I../rx_common_lib -I../Externals/FreeType/include -I../Externals/TinyXML -I../Externals/Tec-it/Linux/Tec-it-11/include/libtbarcode11 -DRELEASE -DNDEBUG -Dlinux  -c ../Externals/FreeType/src/base/ftobjs.c -o Release-lx/ftobjs.o -MD -MF Release-lx/ftobjs.dep
  gcc -ggdb -ffunction-sections -O0 -pthread  -I../rx_ink_lib -I../rx_common_lib -I../Externals/FreeType/include -I../Externals/TinyXML -I../Externals/Tec-it/Linux/Tec-it-11/include/libtbarcode11 -DRELEASE -DNDEBUG -Dlinux  -c ../Externals/FreeType/src/base/ftoutln.c -o Release-lx/ftoutln.o -MD -MF Release-lx/ftoutln.dep
  gcc -ggdb -ffunction-sections -O0 -pthread  -I../rx_ink_lib -I../rx_common_lib -I../Externals/FreeType/include -I../Externals/TinyXML -I../Externals/Tec-it/Linux/Tec-it-11/include/libtbarcode11 -DRELEASE -DNDEBUG -Dlinux  -c ../Externals/FreeType/src/base/ftrfork.c -o Release-lx/ftrfork.o -MD -MF Release-lx/ftrfork.dep
  gcc -ggdb -ffunction-sections -O0 -pthread  -I../rx_ink_lib -I../rx_common_lib -I../Externals/FreeType/include -I../Externals/TinyXML -I../Externals/Tec-it/Linux/Tec-it-11/include/libtbarcode11 -DRELEASE -DNDEBUG -Dlinux  -c ../Externals/FreeType/src/base/ftstream.c -o Release-lx/ftstream.o -MD -MF Release-lx/ftstream.dep
  gcc -ggdb -ffunction-sections -O0 -pthread  -I../rx_ink_lib -I../rx_common_lib -I../Externals/FreeType/include -I../Externals/TinyXML -I../Externals/Tec-it/Linux/Tec-it-11/include/libtbarcode11 -DRELEASE -DNDEBUG -Dlinux  -c ../Externals/FreeType/src/base/ftsystem.c -o Release-lx/ftsystem.o -MD -MF Release-lx/ftsystem.dep
  gcc -ggdb -ffunction-sections -O0 -pthread  -I../rx_ink_lib -I../rx_common_lib -I../Externals/FreeType/include -I../Externals/TinyXML -I../Externals/Tec-it/Linux/Tec-it-11/include/libtbarcode11 -DRELEASE -DNDEBUG -Dlinux  -c ../Externals/FreeType/src/base/fttrigon.c -o Release-lx/fttrigon.o -MD -MF Release-lx/fttrigon.dep
  gcc -ggdb -ffunction-sections -O0 -pthread  -I../rx_ink_lib -I../rx_common_lib -I../Externals/FreeType/include -I../Externals/TinyXML -I../Externals/Tec-it/Linux/Tec-it-11/include/libtbarcode11 -DRELEASE -DNDEBUG -Dlinux  -c ../Externals/FreeType/src/base/ftutil.c -o Release-lx/ftutil.o -MD -MF Release-lx/ftutil.dep
  gcc -ggdb -ffunction-sections -O0 -pthread  -I../rx_ink_lib -I../rx_common_lib -I../Externals/FreeType/include -I../Externals/TinyXML -I../Externals/Tec-it/Linux/Tec-it-11/include/libtbarcode11 -DRELEASE -DNDEBUG -Dlinux  -c ../Externals/FreeType/src/gzip/ftgzip.c -o Release-lx/ftgzip.o -MD -MF Release-lx/ftgzip.dep
  gcc -ggdb -ffunction-sections -O0 -pthread  -I../rx_ink_lib -I../rx_common_lib -I../Externals/FreeType/include -I../Externals/TinyXML -I../Externals/Tec-it/Linux/Tec-it-11/include/libtbarcode11 -DRELEASE -DNDEBUG -Dlinux  -c ../Externals/FreeType/src/raster/ftraster.c -o Release-lx/ftraster.o -MD -MF Release-lx/ftraster.dep
  gcc -ggdb -ffunction-sections -O0 -pthread  -I../rx_ink_lib -I../rx_common_lib -I../Externals/FreeType/include -I../Externals/TinyXML -I../Externals/Tec-it/Linux/Tec-it-11/include/libtbarcode11 -DRELEASE -DNDEBUG -Dlinux  -c ../Externals/FreeType/src/raster/ftrend1.c -o Release-lx/ftrend1.o -MD -MF Release-lx/ftrend1.dep
  gcc -ggdb -ffunction-sections -O0 -pthread  -I../rx_ink_lib -I../rx_common_lib -I../Externals/FreeType/include -I../Externals/TinyXML -I../Externals/Tec-it/Linux/Tec-it-11/include/libtbarcode11 -DRELEASE -DNDEBUG -Dlinux  -c ../Externals/FreeType/src/rx_dummies.c -o Release-lx/rx_dummies.o -MD -MF Release-lx/rx_dummies.dep
  gcc -ggdb -ffunction-sections -O0 -pthread  -I../rx_ink_lib -I../rx_common_lib -I../Externals/FreeType/include -I../Externals/TinyXML -I../Externals/Tec-it/Linux/Tec-it-11/include/libtbarcode11 -DRELEASE -DNDEBUG -Dlinux  -c ../Externals/FreeType/src/sfnt/pngshim.c -o Release-lx/pngshim.o -MD -MF Release-lx/pngshim.dep
  gcc -ggdb -ffunction-sections -O0 -pthread  -I../rx_ink_lib -I../rx_common_lib -I../Externals/FreeType/include -I../Externals/TinyXML -I../Externals/Tec-it/Linux/Tec-it-11/include/libtbarcode11 -DRELEASE -DNDEBUG -Dlinux  -c ../Externals/FreeType/src/sfnt/sfdriver.c -o Release-lx/sfdriver.o -MD -MF Release-lx/sfdriver.dep
  gcc -ggdb -ffunction-sections -O0 -pthread  -I../rx_ink_lib -I../rx_common_lib -I../Externals/FreeType/include -I../Externals/TinyXML -I../Externals/Tec-it/Linux/Tec-it-11/include/libtbarcode11 -DRELEASE -DNDEBUG -Dlinux  -c ../Externals/FreeType/src/sfnt/sfntpic.c -o Release-lx/sfntpic.o -MD -MF Release-lx/sfntpic.dep
  gcc -ggdb -ffunction-sections -O0 -pthread  -I../rx_ink_lib -I../rx_common_lib -I../Externals/FreeType/include -I../Externals/TinyXML -I../Externals/Tec-it/Linux/Tec-it-11/include/libtbarcode11 -DRELEASE -DNDEBUG -Dlinux  -c ../Externals/FreeType/src/sfnt/sfobjs.c -o Release-lx/sfobjs.o -MD -MF Release-lx/sfobjs.dep
  gcc -ggdb -ffunction-sections -O0 -pthread  -I../rx_ink_lib -I../rx_common_lib -I../Externals/FreeType/include -I../Externals/TinyXML -I../Externals/Tec-it/Linux/Tec-it-11/include/libtbarcode11 -DRELEASE -DNDEBUG -Dlinux  -c ../Externals/FreeType/src/sfnt/ttbdf.c -o Release-lx/ttbdf.o -MD -MF Release-lx/ttbdf.dep
  gcc -ggdb -ffunction-sections -O0 -pthread  -I../rx_ink_lib -I../rx_common_lib -I../Externals/FreeType/include -I../Externals/TinyXML -I../Externals/Tec-it/Linux/Tec-it-11/include/libtbarcode11 -DRELEASE -DNDEBUG -Dlinux  -c ../Externals/FreeType/src/sfnt/ttcmap.c -o Release-lx/ttcmap.o -MD -MF Release-lx/ttcmap.dep
  gcc -ggdb -ffunction-sections -O0 -pthread  -I../rx_ink_lib -I../rx_common_lib -I../Externals/FreeType/include -I../Externals/TinyXML -I../Externals/Tec-it/Linux/Tec-it-11/include/libtbarcode11 -DRELEASE -DNDEBUG -Dlinux  -c ../Externals/FreeType/src/sfnt/ttkern.c -o Release-lx/ttkern.o -MD -MF Release-lx/ttkern.dep
  gcc -ggdb -ffunction-sections -O0 -pthread  -I../rx_ink_lib -I../rx_common_lib -I../Externals/FreeType/include -I../Externals/TinyXML -I../Externals/Tec-it/Linux/Tec-it-11/include/libtbarcode11 -DRELEASE -DNDEBUG -Dlinux  -c ../Externals/FreeType/src/sfnt/ttload.c -o Release-lx/ttload.o -MD -MF Release-lx/ttload.dep
  gcc -ggdb -ffunction-sections -O0 -pthread  -I../rx_ink_lib -I../rx_common_lib -I../Externals/FreeType/include -I../Externals/TinyXML -I../Externals/Tec-it/Linux/Tec-it-11/include/libtbarcode11 -DRELEASE -DNDEBUG -Dlinux  -c ../Externals/FreeType/src/sfnt/ttmtx.c -o Release-lx/ttmtx.o -MD -MF Release-lx/ttmtx.dep
  gcc -ggdb -ffunction-sections -O0 -pthread  -I../rx_ink_lib -I../rx_common_lib -I../Externals/FreeType/include -I../Externals/TinyXML -I../Externals/Tec-it/Linux/Tec-it-11/include/libtbarcode11 -DRELEASE -DNDEBUG -Dlinux  -c ../Externals/FreeType/src/sfnt/ttpost.c -o Release-lx/ttpost.o -MD -MF Release-lx/ttpost.dep
  gcc -ggdb -ffunction-sections -O0 -pthread  -I../rx_ink_lib -I../rx_common_lib -I../Externals/FreeType/include -I../Externals/TinyXML -I../Externals/Tec-it/Linux/Tec-it-11/include/libtbarcode11 -DRELEASE -DNDEBUG -Dlinux  -c ../Externals/FreeType/src/sfnt/ttsbit.c -o Release-lx/ttsbit.o -MD -MF Release-lx/ttsbit.dep
  gcc -ggdb -ffunction-sections -O0 -pthread  -I../rx_ink_lib -I../rx_common_lib -I../Externals/FreeType/include -I../Externals/TinyXML -I../Externals/Tec-it/Linux/Tec-it-11/include/libtbarcode11 -DRELEASE -DNDEBUG -Dlinux  -c ../Externals/FreeType/src/TrueType/ttdriver.c -o Release-lx/ttdriver.o -MD -MF Release-lx/ttdriver.dep
  gcc -ggdb -ffunction-sections -O0 -pthread  -I../rx_ink_lib -I../rx_common_lib -I../Externals/FreeType/include -I../Externals/TinyXML -I../Externals/Tec-it/Linux/Tec-it-11/include/libtbarcode11 -DRELEASE -DNDEBUG -Dlinux  -c ../Externals/FreeType/src/TrueType/ttgload.c -o Release-lx/ttgload.o -MD -MF Release-lx/ttgload.dep
  gcc -ggdb -ffunction-sections -O0 -pthread  -I../rx_ink_lib -I../rx_common_lib -I../Externals/FreeType/include -I../Externals/TinyXML -I../Externals/Tec-it/Linux/Tec-it-11/include/libtbarcode11 -DRELEASE -DNDEBUG -Dlinux  -c ../Externals/FreeType/src/TrueType/ttgxvar.c -o Release-lx/ttgxvar.o -MD -MF Release-lx/ttgxvar.dep
  gcc -ggdb -ffunction-sections -O0 -pthread  -I../rx_ink_lib -I../rx_common_lib -I../Externals/FreeType/include -I../Externals/TinyXML -I../Externals/Tec-it/Linux/Tec-it-11/include/libtbarcode11 -DRELEASE -DNDEBUG -Dlinux  -c ../Externals/FreeType/src/TrueType/ttinterp.c -o Release-lx/ttinterp.o -MD -MF Release-lx/ttinterp.dep
  gcc -ggdb -ffunction-sections -O0 -pthread  -I../rx_ink_lib -I../rx_common_lib -I../Externals/FreeType/include -I../Externals/TinyXML -I../Externals/Tec-it/Linux/Tec-it-11/include/libtbarcode11 -DRELEASE -DNDEBUG -Dlinux  -c ../Externals/FreeType/src/TrueType/ttobjs.c -o Release-lx/ttobjs.o -MD -MF Release-lx/ttobjs.dep
  gcc -ggdb -ffunction-sections -O0 -pthread  -I../rx_ink_lib -I../rx_common_lib -I../Externals/FreeType/include -I../Externals/TinyXML -I../Externals/Tec-it/Linux/Tec-it-11/include/libtbarcode11 -DRELEASE -DNDEBUG -Dlinux  -c ../Externals/FreeType/src/TrueType/ttpic.c -o Release-lx/ttpic.o -MD -MF Release-lx/ttpic.dep
  gcc -ggdb -ffunction-sections -O0 -pthread  -I../rx_ink_lib -I../rx_common_lib -I../Externals/FreeType/include -I../Externals/TinyXML -I../Externals/Tec-it/Linux/Tec-it-11/include/libtbarcode11 -DRELEASE -DNDEBUG -Dlinux  -c ../Externals/FreeType/src/TrueType/ttpload.c -o Release-lx/ttpload.o -MD -MF Release-lx/ttpload.dep
  gcc -ggdb -ffunction-sections -O0 -pthread  -I../rx_ink_lib -I../rx_common_lib -I../Externals/FreeType/include -I../Externals/TinyXML -I../Externals/Tec-it/Linux/Tec-it-11/include/libtbarcode11 -DRELEASE -DNDEBUG -Dlinux  -c ../Externals/FreeType/src/TrueType/ttsubpix.c -o Release-lx/ttsubpix.o -MD -MF Release-lx/ttsubpix.dep
  g++ -ggdb -ffunction-sections -O0 -pthread  -I../rx_ink_lib -I../rx_common_lib -I../Externals/FreeType/include -I../Externals/TinyXML -I../Externals/Tec-it/Linux/Tec-it-11/include/libtbarcode11 -DRELEASE -DNDEBUG -Dlinux  -c dllmain.cpp -o Release-lx/dllmain.o -MD -MF Release-lx/dllmain.dep
  g++ -ggdb -ffunction-sections -O0 -pthread  -I../rx_ink_lib -I../rx_common_lib -I../Externals/FreeType/include -I../Externals/TinyXML -I../Externals/Tec-it/Linux/Tec-it-11/include/libtbarcode11 -DRELEASE -DNDEBUG -Dlinux  -c rip.cpp -o Release-lx/rip.o -MD -MF Release-lx/rip.dep
  g++ -ggdb -ffunction-sections -O0 -pthread  -I../rx_ink_lib -I../rx_common_lib -I../Externals/FreeType/include -I../Externals/TinyXML -I../Externals/Tec-it/Linux/Tec-it-11/include/libtbarcode11 -DRELEASE -DNDEBUG -Dlinux  -c rx_embrip_lib.cpp -o Release-lx/rx_embrip_lib.o -MD -MF Release-lx/rx_embrip_lib.dep
  g++ -ggdb -ffunction-sections -O0 -pthread  -I../rx_ink_lib -I../rx_common_lib -I../Externals/FreeType/include -I../Externals/TinyXML -I../Externals/Tec-it/Linux/Tec-it-11/include/libtbarcode11 -DRELEASE -DNDEBUG -Dlinux  -c rx_free_type.cpp -o Release-lx/rx_free_type.o -MD -MF Release-lx/rx_free_type.dep
  g++ -ggdb -ffunction-sections -O0 -pthread  -I../rx_ink_lib -I../rx_common_lib -I../Externals/FreeType/include -I../Externals/TinyXML -I../Externals/Tec-it/Linux/Tec-it-11/include/libtbarcode11 -DRELEASE -DNDEBUG -Dlinux  -c rx_counter.cpp -o Release-lx/rx_counter.o -MD -MF Release-lx/rx_counter.dep
  g++ -ggdb -ffunction-sections -O0 -pthread  -I../rx_ink_lib -I../rx_common_lib -I../Externals/FreeType/include -I../Externals/TinyXML -I../Externals/Tec-it/Linux/Tec-it-11/include/libtbarcode11 -DRELEASE -DNDEBUG -Dlinux  -c rx_data.cpp -o Release-lx/rx_data.o -MD -MF Release-lx/rx_data.dep
  g++ -ggdb -ffunction-sections -O0 -pthread  -I../rx_ink_lib -I../rx_common_lib -I../Externals/FreeType/include -I../Externals/TinyXML -I../Externals/Tec-it/Linux/Tec-it-11/include/libtbarcode11 -DRELEASE -DNDEBUG -Dlinux  -c rx_rip_lib.cpp -o Release-lx/rx_rip_lib.o -MD -MF Release-lx/rx_rip_lib.dep
  g++ -ggdb -ffunction-sections -O0 -pthread  -I../rx_ink_lib -I../rx_common_lib -I../Externals/FreeType/include -I../Externals/TinyXML -I../Externals/Tec-it/Linux/Tec-it-11/include/libtbarcode11 -DRELEASE -DNDEBUG -Dlinux  -c rx_barcodes.cpp -o Release-lx/rx_barcodes.o -MD -MF Release-lx/rx_barcodes.dep
  gcc -ggdb -ffunction-sections -O0 -pthread  -I../rx_ink_lib -I../rx_common_lib -I../Externals/FreeType/include -I../Externals/TinyXML -I../Externals/Tec-it/Linux/Tec-it-11/include/libtbarcode11 -DRELEASE -DNDEBUG -Dlinux  -c SimuTecIt.c -o Release-lx/SimuTecIt.o -MD -MF Release-lx/SimuTecIt.dep
  g++ -ggdb -ffunction-sections -O0 -pthread  -I../rx_ink_lib -I../rx_common_lib -I../Externals/FreeType/include -I../Externals/TinyXML -I../Externals/Tec-it/Linux/Tec-it-11/include/libtbarcode11 -DRELEASE -DNDEBUG -Dlinux  -c stdafx.cpp -o Release-lx/stdafx.o -MD -MF Release-lx/stdafx.dep
  g++ -ggdb -ffunction-sections -O0 -pthread  -I../rx_ink_lib -I../rx_common_lib -I../Externals/FreeType/include -I../Externals/TinyXML -I../Externals/Tec-it/Linux/Tec-it-11/include/libtbarcode11 -DRELEASE -DNDEBUG -Dlinux  -c test_data.cpp -o Release-lx/test_data.o -MD -MF Release-lx/test_data.dep
  ar -r Release-lx/rx_rip_lib.a Release-lx/ftbitmap.o Release-lx/ftcalc.o Release-lx/ftgloadr.o Release-lx/ftglyph.o Release-lx/ftinit.o Release-lx/ftobjs.o Release-lx/ftoutln.o Release-lx/ftrfork.o Release-lx/ftstream.o Release-lx/ftsystem.o Release-lx/fttrigon.o Release-lx/ftutil.o Release-lx/ftgzip.o Release-lx/ftraster.o Release-lx/ftrend1.o Release-lx/rx_dummies.o Release-lx/pngshim.o Release-lx/sfdriver.o Release-lx/sfntpic.o Release-lx/sfobjs.o Release-lx/ttbdf.o Release-lx/ttcmap.o Release-lx/ttkern.o Release-lx/ttload.o Release-lx/ttmtx.o Release-lx/ttpost.o Release-lx/ttsbit.o Release-lx/ttdriver.o Release-lx/ttgload.o Release-lx/ttgxvar.o Release-lx/ttinterp.o Release-lx/ttobjs.o Release-lx/ttpic.o Release-lx/ttpload.o Release-lx/ttsubpix.o Release-lx/dllmain.o Release-lx/rip.o Release-lx/rx_embrip_lib.o Release-lx/rx_free_type.o Release-lx/rx_counter.o Release-lx/rx_data.o Release-lx/rx_rip_lib.o Release-lx/rx_barcodes.o Release-lx/SimuTecIt.o Release-lx/stdafx.o Release-lx/test_data.o
  ar: creating Release-lx/rx_rip_lib.a
