c:\develop\printengine\_temp\rx_spooler_ctrl\release\vc120.pdb
c:\develop\printengine\_temp\rx_spooler_ctrl\release\version.obj
c:\develop\printengine\_temp\rx_spooler_ctrl\release\test.obj
c:\develop\printengine\_temp\rx_spooler_ctrl\release\spool_rip.obj
c:\develop\printengine\_temp\rx_spooler_ctrl\release\rx_spooler_ctrl.obj
c:\develop\printengine\_temp\rx_spooler_ctrl\release\rx_flz.obj
c:\develop\printengine\_temp\rx_spooler_ctrl\release\jet_correction.obj
c:\develop\printengine\_temp\rx_spooler_ctrl\release\head_client.obj
c:\develop\printengine\_temp\rx_spooler_ctrl\release\data.obj
c:\develop\printengine\_temp\rx_spooler_ctrl\release\ctrl_client.obj
c:\develop\printengine\_temp\rx_spooler_ctrl\release\args.obj
c:\develop\printengine\_temp\rx_spooler_ctrl\release\rs_tec-it.obj
c:\develop\printengine\_out\release\rx_spooler_ctrl.exe
c:\develop\printengine\_out\release\rx_spooler_ctrl.pdb
c:\develop\printengine\rx_spooler_ctrl\..\_out\release\rx_spooler_ctrl.pdb
c:\develop\printengine\rx_spooler_ctrl\..\_out\release\rx_spooler_ctrl.exe
c:\develop\printengine\_temp\rx_spooler_ctrl\release\rx_spooler_ctrl.tlog\cl.command.1.tlog
c:\develop\printengine\_temp\rx_spooler_ctrl\release\rx_spooler_ctrl.tlog\cl.read.1.tlog
c:\develop\printengine\_temp\rx_spooler_ctrl\release\rx_spooler_ctrl.tlog\cl.write.1.tlog
c:\develop\printengine\_temp\rx_spooler_ctrl\release\rx_spooler_ctrl.tlog\link.command.1.tlog
c:\develop\printengine\_temp\rx_spooler_ctrl\release\rx_spooler_ctrl.tlog\link.read.1.tlog
c:\develop\printengine\_temp\rx_spooler_ctrl\release\rx_spooler_ctrl.tlog\link.write.1.tlog
