  update >>C:\Develop\PrintEngine\rx_spooler_ctrl\version.c<<
  txt file >>C:\Develop\PrintEngine\rx_spooler_ctrl\version.txt<<
  args.c
  ctrl_client.c
  data.c
  head_client.c
  jet_correction.c
  rx_flz.c
  rx_spooler_ctrl.c
  spool_rip.c
  test.c
  version.c
  rs_tec-it.cpp
  Generating code
  Finished generating code
  rx_spooler_ctrl.vcxproj -> C:\Develop\PrintEngine\rx_spooler_ctrl\..\_out\Release\rx_spooler_ctrl.exe
  Ein Unterverzeichnis oder eine Datei mit dem Namen "C:\Develop\PrintEngine\bin\win" existiert bereits.
          1 Datei(en) kopiert.
  Ein Unterverzeichnis oder eine Datei mit dem Namen "d:\Radex\bin\spooler\win" existiert bereits.
          1 Datei(en) kopiert.
          1 Datei(en) kopiert.
