11:47:49 **** Incremental Build of configuration Nios II for project rx_head_nios_bsp ****
make all 
[BSP build complete]
11:47:50 **** Incremental Build of configuration Nios II for project rx_head_nios ****
make all 
Info: Building ../rx_head_nios_bsp
F:/Tools/Bin/Altera/15.1/nios2eds/bin/gnu/H-x86_64-mingw32/bin/make --no-print-directory -C ../rx_head_nios_bsp
[BSP build complete]
Info: Compiling comm.c to obj/default/comm.o
nios2-elf-gcc -xc -MP -MMD -c -I../rx_head_nios_bsp/HAL/inc -I../rx_head_nios_bsp -I../rx_head_nios_bsp/drivers/inc -I../../../rx_ink_lib  -pipe -D__hal__ -DALT_NO_C_PLUS_PLUS -DALT_NO_CLEAN_EXIT -D'exit(a)=_exit(a)' -DALT_NO_EXIT -DALT_NO_INSTRUCTION_EMULATION -DALT_STACK_CHECK -fstack-limit-register=et -DSMALL_C_LIB -DALT_SINGLE_THREADED -DALTERA_AVALON_JTAG_UART_SMALL -DALTERA_AVALON_UART_SMALL  -DNIOS  -O0 -g -Wall   -mno-hw-div -mhw-mul -mno-hw-mulx  -o obj/default/comm.o comm.c
Info: Compiling conditioner_bootloader.c to obj/default/conditioner_bootloader.o
nios2-elf-gcc -xc -MP -MMD -c -I../rx_head_nios_bsp/HAL/inc -I../rx_head_nios_bsp -I../rx_head_nios_bsp/drivers/inc -I../../../rx_ink_lib  -pipe -D__hal__ -DALT_NO_C_PLUS_PLUS -DALT_NO_CLEAN_EXIT -D'exit(a)=_exit(a)' -DALT_NO_EXIT -DALT_NO_INSTRUCTION_EMULATION -DALT_STACK_CHECK -fstack-limit-register=et -DSMALL_C_LIB -DALT_SINGLE_THREADED -DALTERA_AVALON_JTAG_UART_SMALL -DALTERA_AVALON_UART_SMALL  -DNIOS  -O0 -g -Wall   -mno-hw-div -mhw-mul -mno-hw-mulx  -o obj/default/conditioner_bootloader.o conditioner_bootloader.c
Info: Compiling cooler.c to obj/default/cooler.o
nios2-elf-gcc -xc -MP -MMD -c -I../rx_head_nios_bsp/HAL/inc -I../rx_head_nios_bsp -I../rx_head_nios_bsp/drivers/inc -I../../../rx_ink_lib  -pipe -D__hal__ -DALT_NO_C_PLUS_PLUS -DALT_NO_CLEAN_EXIT -D'exit(a)=_exit(a)' -DALT_NO_EXIT -DALT_NO_INSTRUCTION_EMULATION -DALT_STACK_CHECK -fstack-limit-register=et -DSMALL_C_LIB -DALT_SINGLE_THREADED -DALTERA_AVALON_JTAG_UART_SMALL -DALTERA_AVALON_UART_SMALL  -DNIOS  -O0 -g -Wall   -mno-hw-div -mhw-mul -mno-hw-mulx  -o obj/default/cooler.o cooler.c
Info: Compiling crc_calc.c to obj/default/crc_calc.o
nios2-elf-gcc -xc -MP -MMD -c -I../rx_head_nios_bsp/HAL/inc -I../rx_head_nios_bsp -I../rx_head_nios_bsp/drivers/inc -I../../../rx_ink_lib  -pipe -D__hal__ -DALT_NO_C_PLUS_PLUS -DALT_NO_CLEAN_EXIT -D'exit(a)=_exit(a)' -DALT_NO_EXIT -DALT_NO_INSTRUCTION_EMULATION -DALT_STACK_CHECK -fstack-limit-register=et -DSMALL_C_LIB -DALT_SINGLE_THREADED -DALTERA_AVALON_JTAG_UART_SMALL -DALTERA_AVALON_UART_SMALL  -DNIOS  -O0 -g -Wall   -mno-hw-div -mhw-mul -mno-hw-mulx  -o obj/default/crc_calc.o crc_calc.c
Info: Compiling fifo.c to obj/default/fifo.o
nios2-elf-gcc -xc -MP -MMD -c -I../rx_head_nios_bsp/HAL/inc -I../rx_head_nios_bsp -I../rx_head_nios_bsp/drivers/inc -I../../../rx_ink_lib  -pipe -D__hal__ -DALT_NO_C_PLUS_PLUS -DALT_NO_CLEAN_EXIT -D'exit(a)=_exit(a)' -DALT_NO_EXIT -DALT_NO_INSTRUCTION_EMULATION -DALT_STACK_CHECK -fstack-limit-register=et -DSMALL_C_LIB -DALT_SINGLE_THREADED -DALTERA_AVALON_JTAG_UART_SMALL -DALTERA_AVALON_UART_SMALL  -DNIOS  -O0 -g -Wall   -mno-hw-div -mhw-mul -mno-hw-mulx  -o obj/default/fifo.o fifo.c
Info: Compiling head_eeprom.c to obj/default/head_eeprom.o
nios2-elf-gcc -xc -MP -MMD -c -I../rx_head_nios_bsp/HAL/inc -I../rx_head_nios_bsp -I../rx_head_nios_bsp/drivers/inc -I../../../rx_ink_lib  -pipe -D__hal__ -DALT_NO_C_PLUS_PLUS -DALT_NO_CLEAN_EXIT -D'exit(a)=_exit(a)' -DALT_NO_EXIT -DALT_NO_INSTRUCTION_EMULATION -DALT_STACK_CHECK -fstack-limit-register=et -DSMALL_C_LIB -DALT_SINGLE_THREADED -DALTERA_AVALON_JTAG_UART_SMALL -DALTERA_AVALON_UART_SMALL  -DNIOS  -O0 -g -Wall   -mno-hw-div -mhw-mul -mno-hw-mulx  -o obj/default/head_eeprom.o head_eeprom.c
Info: Compiling i2c.c to obj/default/i2c.o
nios2-elf-gcc -xc -MP -MMD -c -I../rx_head_nios_bsp/HAL/inc -I../rx_head_nios_bsp -I../rx_head_nios_bsp/drivers/inc -I../../../rx_ink_lib  -pipe -D__hal__ -DALT_NO_C_PLUS_PLUS -DALT_NO_CLEAN_EXIT -D'exit(a)=_exit(a)' -DALT_NO_EXIT -DALT_NO_INSTRUCTION_EMULATION -DALT_STACK_CHECK -fstack-limit-register=et -DSMALL_C_LIB -DALT_SINGLE_THREADED -DALTERA_AVALON_JTAG_UART_SMALL -DALTERA_AVALON_UART_SMALL  -DNIOS  -O0 -g -Wall   -mno-hw-div -mhw-mul -mno-hw-mulx  -o obj/default/i2c.o i2c.c
Info: Compiling main.c to obj/default/main.o
nios2-elf-gcc -xc -MP -MMD -c -I../rx_head_nios_bsp/HAL/inc -I../rx_head_nios_bsp -I../rx_head_nios_bsp/drivers/inc -I../../../rx_ink_lib  -pipe -D__hal__ -DALT_NO_C_PLUS_PLUS -DALT_NO_CLEAN_EXIT -D'exit(a)=_exit(a)' -DALT_NO_EXIT -DALT_NO_INSTRUCTION_EMULATION -DALT_STACK_CHECK -fstack-limit-register=et -DSMALL_C_LIB -DALT_SINGLE_THREADED -DALTERA_AVALON_JTAG_UART_SMALL -DALTERA_AVALON_UART_SMALL  -DNIOS  -O0 -g -Wall   -mno-hw-div -mhw-mul -mno-hw-mulx  -o obj/default/main.o main.c
Info: Compiling nios_def_head.c to obj/default/nios_def_head.o
nios2-elf-gcc -xc -MP -MMD -c -I../rx_head_nios_bsp/HAL/inc -I../rx_head_nios_bsp -I../rx_head_nios_bsp/drivers/inc -I../../../rx_ink_lib  -pipe -D__hal__ -DALT_NO_C_PLUS_PLUS -DALT_NO_CLEAN_EXIT -D'exit(a)=_exit(a)' -DALT_NO_EXIT -DALT_NO_INSTRUCTION_EMULATION -DALT_STACK_CHECK -fstack-limit-register=et -DSMALL_C_LIB -DALT_SINGLE_THREADED -DALTERA_AVALON_JTAG_UART_SMALL -DALTERA_AVALON_UART_SMALL  -DNIOS  -O0 -g -Wall   -mno-hw-div -mhw-mul -mno-hw-mulx  -o obj/default/nios_def_head.o nios_def_head.c
Info: Compiling power.c to obj/default/power.o
nios2-elf-gcc -xc -MP -MMD -c -I../rx_head_nios_bsp/HAL/inc -I../rx_head_nios_bsp -I../rx_head_nios_bsp/drivers/inc -I../../../rx_ink_lib  -pipe -D__hal__ -DALT_NO_C_PLUS_PLUS -DALT_NO_CLEAN_EXIT -D'exit(a)=_exit(a)' -DALT_NO_EXIT -DALT_NO_INSTRUCTION_EMULATION -DALT_STACK_CHECK -fstack-limit-register=et -DSMALL_C_LIB -DALT_SINGLE_THREADED -DALTERA_AVALON_JTAG_UART_SMALL -DALTERA_AVALON_UART_SMALL  -DNIOS  -O0 -g -Wall   -mno-hw-div -mhw-mul -mno-hw-mulx  -o obj/default/power.o power.c
Info: Compiling pres.c to obj/default/pres.o
nios2-elf-gcc -xc -MP -MMD -c -I../rx_head_nios_bsp/HAL/inc -I../rx_head_nios_bsp -I../rx_head_nios_bsp/drivers/inc -I../../../rx_ink_lib  -pipe -D__hal__ -DALT_NO_C_PLUS_PLUS -DALT_NO_CLEAN_EXIT -D'exit(a)=_exit(a)' -DALT_NO_EXIT -DALT_NO_INSTRUCTION_EMULATION -DALT_STACK_CHECK -fstack-limit-register=et -DSMALL_C_LIB -DALT_SINGLE_THREADED -DALTERA_AVALON_JTAG_UART_SMALL -DALTERA_AVALON_UART_SMALL  -DNIOS  -O0 -g -Wall   -mno-hw-div -mhw-mul -mno-hw-mulx  -o obj/default/pres.o pres.c
Info: Compiling rx_ink_common.c to obj/default/rx_ink_common.o
nios2-elf-gcc -xc -MP -MMD -c -I../rx_head_nios_bsp/HAL/inc -I../rx_head_nios_bsp -I../rx_head_nios_bsp/drivers/inc -I../../../rx_ink_lib  -pipe -D__hal__ -DALT_NO_C_PLUS_PLUS -DALT_NO_CLEAN_EXIT -D'exit(a)=_exit(a)' -DALT_NO_EXIT -DALT_NO_INSTRUCTION_EMULATION -DALT_STACK_CHECK -fstack-limit-register=et -DSMALL_C_LIB -DALT_SINGLE_THREADED -DALTERA_AVALON_JTAG_UART_SMALL -DALTERA_AVALON_UART_SMALL  -DNIOS  -O0 -g -Wall   -mno-hw-div -mhw-mul -mno-hw-mulx  -o obj/default/rx_ink_common.o rx_ink_common.c
Info: Compiling rx_mem.c to obj/default/rx_mem.o
nios2-elf-gcc -xc -MP -MMD -c -I../rx_head_nios_bsp/HAL/inc -I../rx_head_nios_bsp -I../rx_head_nios_bsp/drivers/inc -I../../../rx_ink_lib  -pipe -D__hal__ -DALT_NO_C_PLUS_PLUS -DALT_NO_CLEAN_EXIT -D'exit(a)=_exit(a)' -DALT_NO_EXIT -DALT_NO_INSTRUCTION_EMULATION -DALT_STACK_CHECK -fstack-limit-register=et -DSMALL_C_LIB -DALT_SINGLE_THREADED -DALTERA_AVALON_JTAG_UART_SMALL -DALTERA_AVALON_UART_SMALL  -DNIOS  -O0 -g -Wall   -mno-hw-div -mhw-mul -mno-hw-mulx  -o obj/default/rx_mem.o rx_mem.c
Info: Compiling timer.c to obj/default/timer.o
nios2-elf-gcc -xc -MP -MMD -c -I../rx_head_nios_bsp/HAL/inc -I../rx_head_nios_bsp -I../rx_head_nios_bsp/drivers/inc -I../../../rx_ink_lib  -pipe -D__hal__ -DALT_NO_C_PLUS_PLUS -DALT_NO_CLEAN_EXIT -D'exit(a)=_exit(a)' -DALT_NO_EXIT -DALT_NO_INSTRUCTION_EMULATION -DALT_STACK_CHECK -fstack-limit-register=et -DSMALL_C_LIB -DALT_SINGLE_THREADED -DALTERA_AVALON_JTAG_UART_SMALL -DALTERA_AVALON_UART_SMALL  -DNIOS  -O0 -g -Wall   -mno-hw-div -mhw-mul -mno-hw-mulx  -o obj/default/timer.o timer.c
Info: Compiling trprintf.c to obj/default/trprintf.o
nios2-elf-gcc -xc -MP -MMD -c -I../rx_head_nios_bsp/HAL/inc -I../rx_head_nios_bsp -I../rx_head_nios_bsp/drivers/inc -I../../../rx_ink_lib  -pipe -D__hal__ -DALT_NO_C_PLUS_PLUS -DALT_NO_CLEAN_EXIT -D'exit(a)=_exit(a)' -DALT_NO_EXIT -DALT_NO_INSTRUCTION_EMULATION -DALT_STACK_CHECK -fstack-limit-register=et -DSMALL_C_LIB -DALT_SINGLE_THREADED -DALTERA_AVALON_JTAG_UART_SMALL -DALTERA_AVALON_UART_SMALL  -DNIOS  -O0 -g -Wall   -mno-hw-div -mhw-mul -mno-hw-mulx  -o obj/default/trprintf.o trprintf.c
Info: Compiling uart.c to obj/default/uart.o
nios2-elf-gcc -xc -MP -MMD -c -I../rx_head_nios_bsp/HAL/inc -I../rx_head_nios_bsp -I../rx_head_nios_bsp/drivers/inc -I../../../rx_ink_lib  -pipe -D__hal__ -DALT_NO_C_PLUS_PLUS -DALT_NO_CLEAN_EXIT -D'exit(a)=_exit(a)' -DALT_NO_EXIT -DALT_NO_INSTRUCTION_EMULATION -DALT_STACK_CHECK -fstack-limit-register=et -DSMALL_C_LIB -DALT_SINGLE_THREADED -DALTERA_AVALON_JTAG_UART_SMALL -DALTERA_AVALON_UART_SMALL  -DNIOS  -O0 -g -Wall   -mno-hw-div -mhw-mul -mno-hw-mulx  -o obj/default/uart.o uart.c
Info: Compiling version.c to obj/default/version.o
nios2-elf-gcc -xc -MP -MMD -c -I../rx_head_nios_bsp/HAL/inc -I../rx_head_nios_bsp -I../rx_head_nios_bsp/drivers/inc -I../../../rx_ink_lib  -pipe -D__hal__ -DALT_NO_C_PLUS_PLUS -DALT_NO_CLEAN_EXIT -D'exit(a)=_exit(a)' -DALT_NO_EXIT -DALT_NO_INSTRUCTION_EMULATION -DALT_STACK_CHECK -fstack-limit-register=et -DSMALL_C_LIB -DALT_SINGLE_THREADED -DALTERA_AVALON_JTAG_UART_SMALL -DALTERA_AVALON_UART_SMALL  -DNIOS  -O0 -g -Wall   -mno-hw-div -mhw-mul -mno-hw-mulx  -o obj/default/version.o version.c
Info: Compiling watchdog.c to obj/default/watchdog.o
nios2-elf-gcc -xc -MP -MMD -c -I../rx_head_nios_bsp/HAL/inc -I../rx_head_nios_bsp -I../rx_head_nios_bsp/drivers/inc -I../../../rx_ink_lib  -pipe -D__hal__ -DALT_NO_C_PLUS_PLUS -DALT_NO_CLEAN_EXIT -D'exit(a)=_exit(a)' -DALT_NO_EXIT -DALT_NO_INSTRUCTION_EMULATION -DALT_STACK_CHECK -fstack-limit-register=et -DSMALL_C_LIB -DALT_SINGLE_THREADED -DALTERA_AVALON_JTAG_UART_SMALL -DALTERA_AVALON_UART_SMALL  -DNIOS  -O0 -g -Wall   -mno-hw-div -mhw-mul -mno-hw-mulx  -o obj/default/watchdog.o watchdog.c
Info: Linking rx_head_nios.elf
nios2-elf-g++  -T'../rx_head_nios_bsp/linker.x' -msys-crt0='../rx_head_nios_bsp/obj/HAL/src/crt0.o' -msys-lib=hal_bsp -L../rx_head_nios_bsp  -fstack-limit-register=et -msmallc  -Wl,-Map=rx_head_nios.map -DNIOS  -O0 -g -Wall   -mno-hw-div -mhw-mul -mno-hw-mulx  -o rx_head_nios.elf obj/default/AMC7891.o obj/default/adc_thermistor.o obj/default/comm.o obj/default/conditioner_bootloader.o obj/default/cooler.o obj/default/crc_calc.o obj/default/fifo.o obj/default/head_eeprom.o obj/default/i2c.o obj/default/main.o obj/default/nios_def_head.o obj/default/power.o obj/default/pres.o obj/default/rx_ink_common.o obj/default/rx_mem.o obj/default/timer.o obj/default/trprintf.o obj/default/uart.o obj/default/version.o obj/default/watchdog.o -lm 
nios2-elf-insert rx_head_nios.elf --thread_model hal --cpu_name nios_cpu --qsys true --simulation_enabled false --id 2899645188 --sidp 0x10000 --timestamp 1560758923 --stderr_dev jtag_uart --stdin_dev jtag_uart --stdout_dev jtag_uart --sopc_system_name soc_system --sopcinfo C:/Develop/PrintEngine-Master-1.4/rx_head_nios/software/rx_head_nios_bsp/../../soc_system.sopcinfo
Info: (rx_head_nios.elf) 49 KBytes program size (code + initialized data).
Info:                    11 KBytes free for stack + heap.
Info: Creating rx_head_nios.objdump
nios2-elf-objdump --disassemble --syms --all-header rx_head_nios.elf >rx_head_nios.objdump
[rx_head_nios build complete]
