  ftbitmap.c
  ftcalc.c
  ftgloadr.c
  ftglyph.c
  ftinit.c
  ftobjs.c
  ftoutln.c
  ftrfork.c
  ftstream.c
  ftsystem.c
  fttrigon.c
  ftutil.c
  ftgzip.c
  ftraster.c
  rx_dummies.c
  pngshim.c
  sfdriver.c
  sfntpic.c
  ttbdf.c
  ttcmap.c
  Compiling...
  ttkern.c
  ttload.c
  ttmtx.c
  ttpost.c
  SimuTecIt.c
  ftrend1.c
  ttdriver.c
  ttgxvar.c
  ttinterp.c
  ttobjs.c
  ttpload.c
  sfobjs.c
  ttsbit.c
  ttgload.c
  dllmain.cpp
  rip.cpp
  rx_embrip_lib.cpp
  rx_free_type.cpp
  rx_counter.cpp
  rx_data.cpp
  rx_rip_lib.cpp
  rx_barcodes.cpp
  stdafx.cpp
  test_data.cpp
  ftbitmap.obj : MSIL .netmodule or module compiled with /GL found; restarting link with /LTCG; add /LTCG to the link command line to improve linker performance
     Creating library C:\Develop\PrintEngine\rx_rip_lib\..\_out\Release\rx_rip_lib.lib and object C:\Develop\PrintEngine\rx_rip_lib\..\_out\Release\rx_rip_lib.exp
  Generating code
  Finished generating code
  rx_rip_lib.vcxproj -> C:\Develop\PrintEngine\rx_rip_lib\..\_out\Release\rx_rip_lib.dll
          1 Datei(en) kopiert.
          1 Datei(en) kopiert.
