c:\develop\printengine\_temp\rx_rip_lib\release\ttcmap.obj
c:\develop\printengine\_temp\rx_rip_lib\release\ttbdf.obj
c:\develop\printengine\_temp\rx_rip_lib\release\sfntpic.obj
c:\develop\printengine\_temp\rx_rip_lib\release\sfdriver.obj
c:\develop\printengine\_temp\rx_rip_lib\release\pngshim.obj
c:\develop\printengine\_temp\rx_rip_lib\release\rx_dummies.obj
c:\develop\printengine\_temp\rx_rip_lib\release\ftraster.obj
c:\develop\printengine\_temp\rx_rip_lib\release\ftgzip.obj
c:\develop\printengine\_temp\rx_rip_lib\release\ftutil.obj
c:\develop\printengine\_temp\rx_rip_lib\release\fttrigon.obj
c:\develop\printengine\_temp\rx_rip_lib\release\ftsystem.obj
c:\develop\printengine\_temp\rx_rip_lib\release\ftstream.obj
c:\develop\printengine\_temp\rx_rip_lib\release\ftrfork.obj
c:\develop\printengine\_temp\rx_rip_lib\release\ftoutln.obj
c:\develop\printengine\_temp\rx_rip_lib\release\ftobjs.obj
c:\develop\printengine\_temp\rx_rip_lib\release\ftinit.obj
c:\develop\printengine\_temp\rx_rip_lib\release\ftglyph.obj
c:\develop\printengine\_temp\rx_rip_lib\release\ftgloadr.obj
c:\develop\printengine\_temp\rx_rip_lib\release\ftcalc.obj
c:\develop\printengine\_temp\rx_rip_lib\release\ftbitmap.obj
c:\develop\printengine\_temp\rx_rip_lib\release\simutecit.obj
c:\develop\printengine\_temp\rx_rip_lib\release\ttpost.obj
c:\develop\printengine\_temp\rx_rip_lib\release\ttmtx.obj
c:\develop\printengine\_temp\rx_rip_lib\release\ttload.obj
c:\develop\printengine\_temp\rx_rip_lib\release\ttkern.obj
c:\develop\printengine\_temp\rx_rip_lib\release\ttpload.obj
c:\develop\printengine\_temp\rx_rip_lib\release\ttobjs.obj
c:\develop\printengine\_temp\rx_rip_lib\release\ttinterp.obj
c:\develop\printengine\_temp\rx_rip_lib\release\ttgxvar.obj
c:\develop\printengine\_temp\rx_rip_lib\release\ttdriver.obj
c:\develop\printengine\_temp\rx_rip_lib\release\ftrend1.obj
c:\develop\printengine\_temp\rx_rip_lib\release\ttsbit.obj
c:\develop\printengine\_temp\rx_rip_lib\release\sfobjs.obj
c:\develop\printengine\_temp\rx_rip_lib\release\ttgload.obj
c:\develop\printengine\_temp\rx_rip_lib\release\test_data.obj
c:\develop\printengine\_temp\rx_rip_lib\release\stdafx.obj
c:\develop\printengine\_temp\rx_rip_lib\release\rx_barcodes.obj
c:\develop\printengine\_temp\rx_rip_lib\release\rx_rip_lib.obj
c:\develop\printengine\_temp\rx_rip_lib\release\rx_data.obj
c:\develop\printengine\_temp\rx_rip_lib\release\rx_counter.obj
c:\develop\printengine\_temp\rx_rip_lib\release\rx_free_type.obj
c:\develop\printengine\_temp\rx_rip_lib\release\rx_embrip_lib.obj
c:\develop\printengine\_temp\rx_rip_lib\release\rip.obj
c:\develop\printengine\_temp\rx_rip_lib\release\dllmain.obj
c:\develop\printengine\_out\release\rx_rip_lib.dll
c:\develop\printengine\_out\release\rx_rip_lib.lib
c:\develop\printengine\_out\release\rx_rip_lib.exp
c:\develop\printengine\rx_rip_lib\..\_out\release\rx_rip_lib.dll
c:\develop\printengine\_temp\rx_rip_lib\release\rx_rip_lib.tlog\cl.command.1.tlog
c:\develop\printengine\_temp\rx_rip_lib\release\rx_rip_lib.tlog\cl.read.1.tlog
c:\develop\printengine\_temp\rx_rip_lib\release\rx_rip_lib.tlog\cl.write.1.tlog
c:\develop\printengine\_temp\rx_rip_lib\release\rx_rip_lib.tlog\link.command.1.tlog
c:\develop\printengine\_temp\rx_rip_lib\release\rx_rip_lib.tlog\link.read.1.tlog
c:\develop\printengine\_temp\rx_rip_lib\release\rx_rip_lib.tlog\link.write.1.tlog
c:\develop\printengine\_temp\rx_rip_lib\release\rx_rip_lib.tlog\rx_rip_lib.write.1u.tlog
